2013/12/02 10:04:35 [error] [php] include(m130701_104658_create_table_user.php): failed to open stream: No such file or directory (/Applications/XAMPP/xamppfiles/htdocs/siggi-php/yii-1.1.13.e9e4a0/framework/YiiBase.php:421)
Stack trace:
#0 /Applications/XAMPP/xamppfiles/htdocs/siggi-php/yii-1.1.13.e9e4a0/framework/cli/commands/MigrateCommand.php(429): spl_autoload_call()
#1 /Applications/XAMPP/xamppfiles/htdocs/siggi-php/yii-1.1.13.e9e4a0/framework/cli/commands/MigrateCommand.php(384): MigrateCommand->instantiateMigration()
#2 /Applications/XAMPP/xamppfiles/htdocs/siggi-php/yii-1.1.13.e9e4a0/framework/cli/commands/MigrateCommand.php(109): MigrateCommand->migrateUp()
#3 /Applications/XAMPP/xamppfiles/htdocs/siggi-php/yii-1.1.13.e9e4a0/framework/cli/commands/MigrateCommand.php(220): MigrateCommand->actionUp()
#4 unknown(0): MigrateCommand->actionTo()
#5 /Applications/XAMPP/xamppfiles/htdocs/siggi-php/yii-1.1.13.e9e4a0/framework/console/CConsoleCommand.php(172): ReflectionMethod->invokeArgs()
#6 /Applications/XAMPP/xamppfiles/htdocs/siggi-php/yii-1.1.13.e9e4a0/framework/console/CConsoleCommandRunner.php(67): MigrateCommand->run()
#7 /Applications/XAMPP/xamppfiles/htdocs/siggi-php/yii-1.1.13.e9e4a0/framework/console/CConsoleApplication.php(91): CConsoleCommandRunner->run()
#8 /Applications/XAMPP/xamppfiles/htdocs/siggi-php/yii-1.1.13.e9e4a0/framework/base/CApplication.php(169): CConsoleApplication->processRequest()
#9 /Applications/XAMPP/xamppfiles/htdocs/siggi-php/yii-1.1.13.e9e4a0/framework/yiic.php(33): CConsoleApplication->run()
#10 /Applications/XAMPP/xamppfiles/htdocs/siggi-php/user2/protected/yiic.php(7): require_once()
#11 /Applications/XAMPP/xamppfiles/htdocs/siggi-php/user2/protected/yiic(4): require_once()

2013/12/02 10:08:42 [error] [php] include(m130701_104658_create_table_user.php): failed to open stream: No such file or directory (/Applications/XAMPP/xamppfiles/htdocs/siggi-php/yii-1.1.13.e9e4a0/framework/YiiBase.php:421)
Stack trace:
#0 /Applications/XAMPP/xamppfiles/htdocs/siggi-php/yii-1.1.13.e9e4a0/framework/cli/commands/MigrateCommand.php(429): spl_autoload_call()
#1 /Applications/XAMPP/xamppfiles/htdocs/siggi-php/yii-1.1.13.e9e4a0/framework/cli/commands/MigrateCommand.php(384): MigrateCommand->instantiateMigration()
#2 /Applications/XAMPP/xamppfiles/htdocs/siggi-php/yii-1.1.13.e9e4a0/framework/cli/commands/MigrateCommand.php(109): MigrateCommand->migrateUp()
#3 /Applications/XAMPP/xamppfiles/htdocs/siggi-php/yii-1.1.13.e9e4a0/framework/cli/commands/MigrateCommand.php(220): MigrateCommand->actionUp()
#4 unknown(0): MigrateCommand->actionTo()
#5 /Applications/XAMPP/xamppfiles/htdocs/siggi-php/yii-1.1.13.e9e4a0/framework/console/CConsoleCommand.php(172): ReflectionMethod->invokeArgs()
#6 /Applications/XAMPP/xamppfiles/htdocs/siggi-php/yii-1.1.13.e9e4a0/framework/console/CConsoleCommandRunner.php(67): MigrateCommand->run()
#7 /Applications/XAMPP/xamppfiles/htdocs/siggi-php/yii-1.1.13.e9e4a0/framework/console/CConsoleApplication.php(91): CConsoleCommandRunner->run()
#8 /Applications/XAMPP/xamppfiles/htdocs/siggi-php/yii-1.1.13.e9e4a0/framework/base/CApplication.php(169): CConsoleApplication->processRequest()
#9 /Applications/XAMPP/xamppfiles/htdocs/siggi-php/yii-1.1.13.e9e4a0/framework/yiic.php(33): CConsoleApplication->run()
#10 /Applications/XAMPP/xamppfiles/htdocs/siggi-php/user2/protected/yiic.php(7): require_once()
#11 /Applications/XAMPP/xamppfiles/htdocs/siggi-php/user2/protected/yiic(4): require_once()

2013/12/02 10:11:59 [error] [php] include(m130701_104658_create_table_user.php): failed to open stream: No such file or directory (/Applications/XAMPP/xamppfiles/htdocs/siggi-php/yii-1.1.13.e9e4a0/framework/YiiBase.php:421)
Stack trace:
#0 /Applications/XAMPP/xamppfiles/htdocs/siggi-php/yii-1.1.13.e9e4a0/framework/cli/commands/MigrateCommand.php(429): spl_autoload_call()
#1 /Applications/XAMPP/xamppfiles/htdocs/siggi-php/yii-1.1.13.e9e4a0/framework/cli/commands/MigrateCommand.php(384): MigrateCommand->instantiateMigration()
#2 /Applications/XAMPP/xamppfiles/htdocs/siggi-php/yii-1.1.13.e9e4a0/framework/cli/commands/MigrateCommand.php(109): MigrateCommand->migrateUp()
#3 /Applications/XAMPP/xamppfiles/htdocs/siggi-php/yii-1.1.13.e9e4a0/framework/cli/commands/MigrateCommand.php(220): MigrateCommand->actionUp()
#4 unknown(0): MigrateCommand->actionTo()
#5 /Applications/XAMPP/xamppfiles/htdocs/siggi-php/yii-1.1.13.e9e4a0/framework/console/CConsoleCommand.php(172): ReflectionMethod->invokeArgs()
#6 /Applications/XAMPP/xamppfiles/htdocs/siggi-php/yii-1.1.13.e9e4a0/framework/console/CConsoleCommandRunner.php(67): MigrateCommand->run()
#7 /Applications/XAMPP/xamppfiles/htdocs/siggi-php/yii-1.1.13.e9e4a0/framework/console/CConsoleApplication.php(91): CConsoleCommandRunner->run()
#8 /Applications/XAMPP/xamppfiles/htdocs/siggi-php/yii-1.1.13.e9e4a0/framework/base/CApplication.php(169): CConsoleApplication->processRequest()
#9 /Applications/XAMPP/xamppfiles/htdocs/siggi-php/yii-1.1.13.e9e4a0/framework/yiic.php(33): CConsoleApplication->run()
#10 /Applications/XAMPP/xamppfiles/htdocs/siggi-php/user2/protected/yiic.php(7): require_once()
#11 /Applications/XAMPP/xamppfiles/htdocs/siggi-php/user2/protected/yiic(4): require_once()

2013/12/02 10:13:58 [error] [php] include(m130701_104658_create_table_user.php): failed to open stream: No such file or directory (/Applications/XAMPP/xamppfiles/htdocs/siggi-php/yii-1.1.13.e9e4a0/framework/YiiBase.php:421)
Stack trace:
#0 /Applications/XAMPP/xamppfiles/htdocs/siggi-php/yii-1.1.13.e9e4a0/framework/cli/commands/MigrateCommand.php(429): spl_autoload_call()
#1 /Applications/XAMPP/xamppfiles/htdocs/siggi-php/yii-1.1.13.e9e4a0/framework/cli/commands/MigrateCommand.php(384): MigrateCommand->instantiateMigration()
#2 /Applications/XAMPP/xamppfiles/htdocs/siggi-php/yii-1.1.13.e9e4a0/framework/cli/commands/MigrateCommand.php(109): MigrateCommand->migrateUp()
#3 /Applications/XAMPP/xamppfiles/htdocs/siggi-php/yii-1.1.13.e9e4a0/framework/cli/commands/MigrateCommand.php(220): MigrateCommand->actionUp()
#4 unknown(0): MigrateCommand->actionTo()
#5 /Applications/XAMPP/xamppfiles/htdocs/siggi-php/yii-1.1.13.e9e4a0/framework/console/CConsoleCommand.php(172): ReflectionMethod->invokeArgs()
#6 /Applications/XAMPP/xamppfiles/htdocs/siggi-php/yii-1.1.13.e9e4a0/framework/console/CConsoleCommandRunner.php(67): MigrateCommand->run()
#7 /Applications/XAMPP/xamppfiles/htdocs/siggi-php/yii-1.1.13.e9e4a0/framework/console/CConsoleApplication.php(91): CConsoleCommandRunner->run()
#8 /Applications/XAMPP/xamppfiles/htdocs/siggi-php/yii-1.1.13.e9e4a0/framework/base/CApplication.php(169): CConsoleApplication->processRequest()
#9 /Applications/XAMPP/xamppfiles/htdocs/siggi-php/yii-1.1.13.e9e4a0/framework/yiic.php(33): CConsoleApplication->run()
#10 /Applications/XAMPP/xamppfiles/htdocs/siggi-php/user2/protected/yiic.php(7): require_once()
#11 /Applications/XAMPP/xamppfiles/htdocs/siggi-php/user2/protected/yiic(4): require_once()

2013/12/02 10:15:22 [error] [php] include(m130701_104658_create_table_user.php): failed to open stream: No such file or directory (/Applications/XAMPP/xamppfiles/htdocs/siggi-php/yii-1.1.13.e9e4a0/framework/YiiBase.php:421)
Stack trace:
#0 /Applications/XAMPP/xamppfiles/htdocs/siggi-php/yii-1.1.13.e9e4a0/framework/cli/commands/MigrateCommand.php(429): spl_autoload_call()
#1 /Applications/XAMPP/xamppfiles/htdocs/siggi-php/yii-1.1.13.e9e4a0/framework/cli/commands/MigrateCommand.php(384): MigrateCommand->instantiateMigration()
#2 /Applications/XAMPP/xamppfiles/htdocs/siggi-php/yii-1.1.13.e9e4a0/framework/cli/commands/MigrateCommand.php(109): MigrateCommand->migrateUp()
#3 /Applications/XAMPP/xamppfiles/htdocs/siggi-php/yii-1.1.13.e9e4a0/framework/cli/commands/MigrateCommand.php(220): MigrateCommand->actionUp()
#4 unknown(0): MigrateCommand->actionTo()
#5 /Applications/XAMPP/xamppfiles/htdocs/siggi-php/yii-1.1.13.e9e4a0/framework/console/CConsoleCommand.php(172): ReflectionMethod->invokeArgs()
#6 /Applications/XAMPP/xamppfiles/htdocs/siggi-php/yii-1.1.13.e9e4a0/framework/console/CConsoleCommandRunner.php(67): MigrateCommand->run()
#7 /Applications/XAMPP/xamppfiles/htdocs/siggi-php/yii-1.1.13.e9e4a0/framework/console/CConsoleApplication.php(91): CConsoleCommandRunner->run()
#8 /Applications/XAMPP/xamppfiles/htdocs/siggi-php/yii-1.1.13.e9e4a0/framework/base/CApplication.php(169): CConsoleApplication->processRequest()
#9 /Applications/XAMPP/xamppfiles/htdocs/siggi-php/yii-1.1.13.e9e4a0/framework/yiic.php(33): CConsoleApplication->run()
#10 /Applications/XAMPP/xamppfiles/htdocs/siggi-php/user2/protected/yiic.php(7): require_once()
#11 /Applications/XAMPP/xamppfiles/htdocs/siggi-php/user2/protected/yiic(4): require_once()

2013/12/02 10:16:19 [error] [php] include(m130701_104658_create_table_user.php): failed to open stream: No such file or directory (/Applications/XAMPP/xamppfiles/htdocs/siggi-php/yii-1.1.13.e9e4a0/framework/YiiBase.php:421)
Stack trace:
#0 /Applications/XAMPP/xamppfiles/htdocs/siggi-php/yii-1.1.13.e9e4a0/framework/cli/commands/MigrateCommand.php(429): spl_autoload_call()
#1 /Applications/XAMPP/xamppfiles/htdocs/siggi-php/yii-1.1.13.e9e4a0/framework/cli/commands/MigrateCommand.php(384): MigrateCommand->instantiateMigration()
#2 /Applications/XAMPP/xamppfiles/htdocs/siggi-php/yii-1.1.13.e9e4a0/framework/cli/commands/MigrateCommand.php(109): MigrateCommand->migrateUp()
#3 /Applications/XAMPP/xamppfiles/htdocs/siggi-php/yii-1.1.13.e9e4a0/framework/cli/commands/MigrateCommand.php(220): MigrateCommand->actionUp()
#4 unknown(0): MigrateCommand->actionTo()
#5 /Applications/XAMPP/xamppfiles/htdocs/siggi-php/yii-1.1.13.e9e4a0/framework/console/CConsoleCommand.php(172): ReflectionMethod->invokeArgs()
#6 /Applications/XAMPP/xamppfiles/htdocs/siggi-php/yii-1.1.13.e9e4a0/framework/console/CConsoleCommandRunner.php(67): MigrateCommand->run()
#7 /Applications/XAMPP/xamppfiles/htdocs/siggi-php/yii-1.1.13.e9e4a0/framework/console/CConsoleApplication.php(91): CConsoleCommandRunner->run()
#8 /Applications/XAMPP/xamppfiles/htdocs/siggi-php/yii-1.1.13.e9e4a0/framework/base/CApplication.php(169): CConsoleApplication->processRequest()
#9 /Applications/XAMPP/xamppfiles/htdocs/siggi-php/yii-1.1.13.e9e4a0/framework/yiic.php(33): CConsoleApplication->run()
#10 /Applications/XAMPP/xamppfiles/htdocs/siggi-php/user2/protected/yiic.php(7): require_once()
#11 /Applications/XAMPP/xamppfiles/htdocs/siggi-php/user2/protected/yiic(4): require_once()

2013/12/02 10:18:27 [error] [php] include(m130701_104658_create_table_user.php): failed to open stream: No such file or directory (/Applications/XAMPP/xamppfiles/htdocs/siggi-php/yii-1.1.13.e9e4a0/framework/YiiBase.php:421)
Stack trace:
#0 /Applications/XAMPP/xamppfiles/htdocs/siggi-php/yii-1.1.13.e9e4a0/framework/cli/commands/MigrateCommand.php(429): spl_autoload_call()
#1 /Applications/XAMPP/xamppfiles/htdocs/siggi-php/yii-1.1.13.e9e4a0/framework/cli/commands/MigrateCommand.php(384): MigrateCommand->instantiateMigration()
#2 /Applications/XAMPP/xamppfiles/htdocs/siggi-php/yii-1.1.13.e9e4a0/framework/cli/commands/MigrateCommand.php(109): MigrateCommand->migrateUp()
#3 unknown(0): MigrateCommand->actionUp()
#4 /Applications/XAMPP/xamppfiles/htdocs/siggi-php/yii-1.1.13.e9e4a0/framework/console/CConsoleCommand.php(172): ReflectionMethod->invokeArgs()
#5 /Applications/XAMPP/xamppfiles/htdocs/siggi-php/yii-1.1.13.e9e4a0/framework/console/CConsoleCommandRunner.php(67): MigrateCommand->run()
#6 /Applications/XAMPP/xamppfiles/htdocs/siggi-php/yii-1.1.13.e9e4a0/framework/console/CConsoleApplication.php(91): CConsoleCommandRunner->run()
#7 /Applications/XAMPP/xamppfiles/htdocs/siggi-php/yii-1.1.13.e9e4a0/framework/base/CApplication.php(169): CConsoleApplication->processRequest()
#8 /Applications/XAMPP/xamppfiles/htdocs/siggi-php/yii-1.1.13.e9e4a0/framework/yiic.php(33): CConsoleApplication->run()
#9 /Applications/XAMPP/xamppfiles/htdocs/siggi-php/user2/protected/yiic.php(7): require_once()
#10 /Applications/XAMPP/xamppfiles/htdocs/siggi-php/user2/protected/yiic(4): require_once()

2013/12/02 10:21:17 [error] [php] include(m130701_104658_create_table_user.php): failed to open stream: No such file or directory (/Applications/XAMPP/xamppfiles/htdocs/siggi-php/yii-1.1.13.e9e4a0/framework/YiiBase.php:421)
Stack trace:
#0 /Applications/XAMPP/xamppfiles/htdocs/siggi-php/yii-1.1.13.e9e4a0/framework/cli/commands/MigrateCommand.php(429): spl_autoload_call()
#1 /Applications/XAMPP/xamppfiles/htdocs/siggi-php/yii-1.1.13.e9e4a0/framework/cli/commands/MigrateCommand.php(384): MigrateCommand->instantiateMigration()
#2 /Applications/XAMPP/xamppfiles/htdocs/siggi-php/yii-1.1.13.e9e4a0/framework/cli/commands/MigrateCommand.php(109): MigrateCommand->migrateUp()
#3 unknown(0): MigrateCommand->actionUp()
#4 /Applications/XAMPP/xamppfiles/htdocs/siggi-php/yii-1.1.13.e9e4a0/framework/console/CConsoleCommand.php(172): ReflectionMethod->invokeArgs()
#5 /Applications/XAMPP/xamppfiles/htdocs/siggi-php/yii-1.1.13.e9e4a0/framework/console/CConsoleCommandRunner.php(67): MigrateCommand->run()
#6 /Applications/XAMPP/xamppfiles/htdocs/siggi-php/yii-1.1.13.e9e4a0/framework/console/CConsoleApplication.php(91): CConsoleCommandRunner->run()
#7 /Applications/XAMPP/xamppfiles/htdocs/siggi-php/yii-1.1.13.e9e4a0/framework/base/CApplication.php(169): CConsoleApplication->processRequest()
#8 /Applications/XAMPP/xamppfiles/htdocs/siggi-php/yii-1.1.13.e9e4a0/framework/yiic.php(33): CConsoleApplication->run()
#9 /Applications/XAMPP/xamppfiles/htdocs/siggi-php/user2/protected/yiic.php(7): require_once()
#10 /Applications/XAMPP/xamppfiles/htdocs/siggi-php/user2/protected/yiic(4): require_once()

2013/12/02 10:23:52 [error] [php] include(m130701_104658_create_table_user.php): failed to open stream: No such file or directory (/Applications/XAMPP/xamppfiles/htdocs/siggi-php/yii-1.1.13.e9e4a0/framework/YiiBase.php:421)
Stack trace:
#0 /Applications/XAMPP/xamppfiles/htdocs/siggi-php/yii-1.1.13.e9e4a0/framework/cli/commands/MigrateCommand.php(429): spl_autoload_call()
#1 /Applications/XAMPP/xamppfiles/htdocs/siggi-php/yii-1.1.13.e9e4a0/framework/cli/commands/MigrateCommand.php(384): MigrateCommand->instantiateMigration()
#2 /Applications/XAMPP/xamppfiles/htdocs/siggi-php/yii-1.1.13.e9e4a0/framework/cli/commands/MigrateCommand.php(109): MigrateCommand->migrateUp()
#3 unknown(0): MigrateCommand->actionUp()
#4 /Applications/XAMPP/xamppfiles/htdocs/siggi-php/yii-1.1.13.e9e4a0/framework/console/CConsoleCommand.php(172): ReflectionMethod->invokeArgs()
#5 /Applications/XAMPP/xamppfiles/htdocs/siggi-php/yii-1.1.13.e9e4a0/framework/console/CConsoleCommandRunner.php(67): MigrateCommand->run()
#6 /Applications/XAMPP/xamppfiles/htdocs/siggi-php/yii-1.1.13.e9e4a0/framework/console/CConsoleApplication.php(91): CConsoleCommandRunner->run()
#7 /Applications/XAMPP/xamppfiles/htdocs/siggi-php/yii-1.1.13.e9e4a0/framework/base/CApplication.php(169): CConsoleApplication->processRequest()
#8 /Applications/XAMPP/xamppfiles/htdocs/siggi-php/yii-1.1.13.e9e4a0/framework/yiic.php(33): CConsoleApplication->run()
#9 /Applications/XAMPP/xamppfiles/htdocs/siggi-php/user2/protected/yiic.php(7): require_once()
#10 /Applications/XAMPP/xamppfiles/htdocs/siggi-php/user2/protected/yiic(4): require_once()

2013/12/02 10:24:14 [error] [php] include(m130701_104658_create_table_user.php): failed to open stream: No such file or directory (/Applications/XAMPP/xamppfiles/htdocs/siggi-php/yii-1.1.13.e9e4a0/framework/YiiBase.php:421)
Stack trace:
#0 /Applications/XAMPP/xamppfiles/htdocs/siggi-php/yii-1.1.13.e9e4a0/framework/cli/commands/MigrateCommand.php(429): spl_autoload_call()
#1 /Applications/XAMPP/xamppfiles/htdocs/siggi-php/yii-1.1.13.e9e4a0/framework/cli/commands/MigrateCommand.php(384): MigrateCommand->instantiateMigration()
#2 /Applications/XAMPP/xamppfiles/htdocs/siggi-php/yii-1.1.13.e9e4a0/framework/cli/commands/MigrateCommand.php(109): MigrateCommand->migrateUp()
#3 /Applications/XAMPP/xamppfiles/htdocs/siggi-php/yii-1.1.13.e9e4a0/framework/cli/commands/MigrateCommand.php(220): MigrateCommand->actionUp()
#4 unknown(0): MigrateCommand->actionTo()
#5 /Applications/XAMPP/xamppfiles/htdocs/siggi-php/yii-1.1.13.e9e4a0/framework/console/CConsoleCommand.php(172): ReflectionMethod->invokeArgs()
#6 /Applications/XAMPP/xamppfiles/htdocs/siggi-php/yii-1.1.13.e9e4a0/framework/console/CConsoleCommandRunner.php(67): MigrateCommand->run()
#7 /Applications/XAMPP/xamppfiles/htdocs/siggi-php/yii-1.1.13.e9e4a0/framework/console/CConsoleApplication.php(91): CConsoleCommandRunner->run()
#8 /Applications/XAMPP/xamppfiles/htdocs/siggi-php/yii-1.1.13.e9e4a0/framework/base/CApplication.php(169): CConsoleApplication->processRequest()
#9 /Applications/XAMPP/xamppfiles/htdocs/siggi-php/yii-1.1.13.e9e4a0/framework/yiic.php(33): CConsoleApplication->run()
#10 /Applications/XAMPP/xamppfiles/htdocs/siggi-php/user2/protected/yiic.php(7): require_once()
#11 /Applications/XAMPP/xamppfiles/htdocs/siggi-php/user2/protected/yiic(4): require_once()

2013/12/02 10:25:14 [error] [php] include(m130701_104658_create_table_user.php): failed to open stream: No such file or directory (/Applications/XAMPP/xamppfiles/htdocs/siggi-php/yii-1.1.13.e9e4a0/framework/YiiBase.php:421)
Stack trace:
#0 /Applications/XAMPP/xamppfiles/htdocs/siggi-php/yii-1.1.13.e9e4a0/framework/cli/commands/MigrateCommand.php(429): spl_autoload_call()
#1 /Applications/XAMPP/xamppfiles/htdocs/siggi-php/yii-1.1.13.e9e4a0/framework/cli/commands/MigrateCommand.php(384): MigrateCommand->instantiateMigration()
#2 /Applications/XAMPP/xamppfiles/htdocs/siggi-php/yii-1.1.13.e9e4a0/framework/cli/commands/MigrateCommand.php(109): MigrateCommand->migrateUp()
#3 /Applications/XAMPP/xamppfiles/htdocs/siggi-php/yii-1.1.13.e9e4a0/framework/cli/commands/MigrateCommand.php(220): MigrateCommand->actionUp()
#4 unknown(0): MigrateCommand->actionTo()
#5 /Applications/XAMPP/xamppfiles/htdocs/siggi-php/yii-1.1.13.e9e4a0/framework/console/CConsoleCommand.php(172): ReflectionMethod->invokeArgs()
#6 /Applications/XAMPP/xamppfiles/htdocs/siggi-php/yii-1.1.13.e9e4a0/framework/console/CConsoleCommandRunner.php(67): MigrateCommand->run()
#7 /Applications/XAMPP/xamppfiles/htdocs/siggi-php/yii-1.1.13.e9e4a0/framework/console/CConsoleApplication.php(91): CConsoleCommandRunner->run()
#8 /Applications/XAMPP/xamppfiles/htdocs/siggi-php/yii-1.1.13.e9e4a0/framework/base/CApplication.php(169): CConsoleApplication->processRequest()
#9 /Applications/XAMPP/xamppfiles/htdocs/siggi-php/yii-1.1.13.e9e4a0/framework/yiic.php(33): CConsoleApplication->run()
#10 /Applications/XAMPP/xamppfiles/htdocs/siggi-php/user2/protected/yiic.php(7): require_once()
#11 /Applications/XAMPP/xamppfiles/htdocs/siggi-php/user2/protected/yiic(4): require_once()

2013/12/02 10:32:55 [error] [system.db.CDbCommand] CDbCommand::fetchAll() failed: SQLSTATE[42S02]: Base table or view not found: 1146 Table 'user2.tbl_migration' doesn't exist. The SQL statement executed was: SHOW FULL COLUMNS FROM `tbl_migration`.
2013/12/02 10:32:57 [error] [php] include(m130701_104658_create_table_user.php): failed to open stream: No such file or directory (/Applications/XAMPP/xamppfiles/htdocs/siggi-php/yii-1.1.13.e9e4a0/framework/YiiBase.php:421)
Stack trace:
#0 /Applications/XAMPP/xamppfiles/htdocs/siggi-php/yii-1.1.13.e9e4a0/framework/cli/commands/MigrateCommand.php(429): spl_autoload_call()
#1 /Applications/XAMPP/xamppfiles/htdocs/siggi-php/yii-1.1.13.e9e4a0/framework/cli/commands/MigrateCommand.php(384): MigrateCommand->instantiateMigration()
#2 /Applications/XAMPP/xamppfiles/htdocs/siggi-php/yii-1.1.13.e9e4a0/framework/cli/commands/MigrateCommand.php(109): MigrateCommand->migrateUp()
#3 /Applications/XAMPP/xamppfiles/htdocs/siggi-php/yii-1.1.13.e9e4a0/framework/cli/commands/MigrateCommand.php(220): MigrateCommand->actionUp()
#4 unknown(0): MigrateCommand->actionTo()
#5 /Applications/XAMPP/xamppfiles/htdocs/siggi-php/yii-1.1.13.e9e4a0/framework/console/CConsoleCommand.php(172): ReflectionMethod->invokeArgs()
#6 /Applications/XAMPP/xamppfiles/htdocs/siggi-php/yii-1.1.13.e9e4a0/framework/console/CConsoleCommandRunner.php(67): MigrateCommand->run()
#7 /Applications/XAMPP/xamppfiles/htdocs/siggi-php/yii-1.1.13.e9e4a0/framework/console/CConsoleApplication.php(91): CConsoleCommandRunner->run()
#8 /Applications/XAMPP/xamppfiles/htdocs/siggi-php/yii-1.1.13.e9e4a0/framework/base/CApplication.php(169): CConsoleApplication->processRequest()
#9 /Applications/XAMPP/xamppfiles/htdocs/siggi-php/yii-1.1.13.e9e4a0/framework/yiic.php(33): CConsoleApplication->run()
#10 /Applications/XAMPP/xamppfiles/htdocs/siggi-php/user2/protected/yiic.php(7): require_once()
#11 /Applications/XAMPP/xamppfiles/htdocs/siggi-php/user2/protected/yiic(4): require_once()

2013/12/02 10:33:33 [error] [php] include(m130701_104658_create_table_user.php): failed to open stream: No such file or directory (/Applications/XAMPP/xamppfiles/htdocs/siggi-php/yii-1.1.13.e9e4a0/framework/YiiBase.php:421)
Stack trace:
#0 /Applications/XAMPP/xamppfiles/htdocs/siggi-php/yii-1.1.13.e9e4a0/framework/cli/commands/MigrateCommand.php(429): spl_autoload_call()
#1 /Applications/XAMPP/xamppfiles/htdocs/siggi-php/yii-1.1.13.e9e4a0/framework/cli/commands/MigrateCommand.php(384): MigrateCommand->instantiateMigration()
#2 /Applications/XAMPP/xamppfiles/htdocs/siggi-php/yii-1.1.13.e9e4a0/framework/cli/commands/MigrateCommand.php(109): MigrateCommand->migrateUp()
#3 /Applications/XAMPP/xamppfiles/htdocs/siggi-php/yii-1.1.13.e9e4a0/framework/cli/commands/MigrateCommand.php(220): MigrateCommand->actionUp()
#4 unknown(0): MigrateCommand->actionTo()
#5 /Applications/XAMPP/xamppfiles/htdocs/siggi-php/yii-1.1.13.e9e4a0/framework/console/CConsoleCommand.php(172): ReflectionMethod->invokeArgs()
#6 /Applications/XAMPP/xamppfiles/htdocs/siggi-php/yii-1.1.13.e9e4a0/framework/console/CConsoleCommandRunner.php(67): MigrateCommand->run()
#7 /Applications/XAMPP/xamppfiles/htdocs/siggi-php/yii-1.1.13.e9e4a0/framework/console/CConsoleApplication.php(91): CConsoleCommandRunner->run()
#8 /Applications/XAMPP/xamppfiles/htdocs/siggi-php/yii-1.1.13.e9e4a0/framework/base/CApplication.php(169): CConsoleApplication->processRequest()
#9 /Applications/XAMPP/xamppfiles/htdocs/siggi-php/yii-1.1.13.e9e4a0/framework/yiic.php(33): CConsoleApplication->run()
#10 /Applications/XAMPP/xamppfiles/htdocs/siggi-php/user2/protected/yiic.php(7): require_once()
#11 /Applications/XAMPP/xamppfiles/htdocs/siggi-php/user2/protected/yiic(4): require_once()

2013/12/02 10:34:46 [error] [php] include(m130701_104658_create_table_user.php): failed to open stream: No such file or directory (/Applications/XAMPP/xamppfiles/htdocs/siggi-php/yii-1.1.13.e9e4a0/framework/YiiBase.php:421)
Stack trace:
#0 /Applications/XAMPP/xamppfiles/htdocs/siggi-php/yii-1.1.13.e9e4a0/framework/cli/commands/MigrateCommand.php(429): spl_autoload_call()
#1 /Applications/XAMPP/xamppfiles/htdocs/siggi-php/yii-1.1.13.e9e4a0/framework/cli/commands/MigrateCommand.php(384): MigrateCommand->instantiateMigration()
#2 /Applications/XAMPP/xamppfiles/htdocs/siggi-php/yii-1.1.13.e9e4a0/framework/cli/commands/MigrateCommand.php(109): MigrateCommand->migrateUp()
#3 /Applications/XAMPP/xamppfiles/htdocs/siggi-php/yii-1.1.13.e9e4a0/framework/cli/commands/MigrateCommand.php(220): MigrateCommand->actionUp()
#4 unknown(0): MigrateCommand->actionTo()
#5 /Applications/XAMPP/xamppfiles/htdocs/siggi-php/yii-1.1.13.e9e4a0/framework/console/CConsoleCommand.php(172): ReflectionMethod->invokeArgs()
#6 /Applications/XAMPP/xamppfiles/htdocs/siggi-php/yii-1.1.13.e9e4a0/framework/console/CConsoleCommandRunner.php(67): MigrateCommand->run()
#7 /Applications/XAMPP/xamppfiles/htdocs/siggi-php/yii-1.1.13.e9e4a0/framework/console/CConsoleApplication.php(91): CConsoleCommandRunner->run()
#8 /Applications/XAMPP/xamppfiles/htdocs/siggi-php/yii-1.1.13.e9e4a0/framework/base/CApplication.php(169): CConsoleApplication->processRequest()
#9 /Applications/XAMPP/xamppfiles/htdocs/siggi-php/yii-1.1.13.e9e4a0/framework/yiic.php(33): CConsoleApplication->run()
#10 /Applications/XAMPP/xamppfiles/htdocs/siggi-php/user2/protected/yiic.php(7): require_once()
#11 /Applications/XAMPP/xamppfiles/htdocs/siggi-php/user2/protected/yiic(4): require_once()

2013/12/02 10:37:07 [error] [php] include(m130701_104658_create_table_user.php): failed to open stream: No such file or directory (/Applications/XAMPP/xamppfiles/htdocs/siggi-php/yii-1.1.13.e9e4a0/framework/YiiBase.php:421)
Stack trace:
#0 /Applications/XAMPP/xamppfiles/htdocs/siggi-php/yii-1.1.13.e9e4a0/framework/cli/commands/MigrateCommand.php(429): spl_autoload_call()
#1 /Applications/XAMPP/xamppfiles/htdocs/siggi-php/yii-1.1.13.e9e4a0/framework/cli/commands/MigrateCommand.php(384): MigrateCommand->instantiateMigration()
#2 /Applications/XAMPP/xamppfiles/htdocs/siggi-php/yii-1.1.13.e9e4a0/framework/cli/commands/MigrateCommand.php(109): MigrateCommand->migrateUp()
#3 /Applications/XAMPP/xamppfiles/htdocs/siggi-php/yii-1.1.13.e9e4a0/framework/cli/commands/MigrateCommand.php(220): MigrateCommand->actionUp()
#4 unknown(0): MigrateCommand->actionTo()
#5 /Applications/XAMPP/xamppfiles/htdocs/siggi-php/yii-1.1.13.e9e4a0/framework/console/CConsoleCommand.php(172): ReflectionMethod->invokeArgs()
#6 /Applications/XAMPP/xamppfiles/htdocs/siggi-php/yii-1.1.13.e9e4a0/framework/console/CConsoleCommandRunner.php(67): MigrateCommand->run()
#7 /Applications/XAMPP/xamppfiles/htdocs/siggi-php/yii-1.1.13.e9e4a0/framework/console/CConsoleApplication.php(91): CConsoleCommandRunner->run()
#8 /Applications/XAMPP/xamppfiles/htdocs/siggi-php/yii-1.1.13.e9e4a0/framework/base/CApplication.php(169): CConsoleApplication->processRequest()
#9 /Applications/XAMPP/xamppfiles/htdocs/siggi-php/yii-1.1.13.e9e4a0/framework/yiic.php(33): CConsoleApplication->run()
#10 /Applications/XAMPP/xamppfiles/htdocs/siggi-php/user2/protected/yiic.php(7): require_once()
#11 /Applications/XAMPP/xamppfiles/htdocs/siggi-php/user2/protected/yiic(4): require_once()

2013/12/02 10:38:32 [error] [php] include(m130701_104658_create_table_user.php): failed to open stream: No such file or directory (/Applications/XAMPP/xamppfiles/htdocs/siggi-php/yii-1.1.13.e9e4a0/framework/YiiBase.php:421)
Stack trace:
#0 /Applications/XAMPP/xamppfiles/htdocs/siggi-php/yii-1.1.13.e9e4a0/framework/cli/commands/MigrateCommand.php(429): spl_autoload_call()
#1 /Applications/XAMPP/xamppfiles/htdocs/siggi-php/yii-1.1.13.e9e4a0/framework/cli/commands/MigrateCommand.php(384): MigrateCommand->instantiateMigration()
#2 /Applications/XAMPP/xamppfiles/htdocs/siggi-php/yii-1.1.13.e9e4a0/framework/cli/commands/MigrateCommand.php(109): MigrateCommand->migrateUp()
#3 /Applications/XAMPP/xamppfiles/htdocs/siggi-php/yii-1.1.13.e9e4a0/framework/cli/commands/MigrateCommand.php(220): MigrateCommand->actionUp()
#4 unknown(0): MigrateCommand->actionTo()
#5 /Applications/XAMPP/xamppfiles/htdocs/siggi-php/yii-1.1.13.e9e4a0/framework/console/CConsoleCommand.php(172): ReflectionMethod->invokeArgs()
#6 /Applications/XAMPP/xamppfiles/htdocs/siggi-php/yii-1.1.13.e9e4a0/framework/console/CConsoleCommandRunner.php(67): MigrateCommand->run()
#7 /Applications/XAMPP/xamppfiles/htdocs/siggi-php/yii-1.1.13.e9e4a0/framework/console/CConsoleApplication.php(91): CConsoleCommandRunner->run()
#8 /Applications/XAMPP/xamppfiles/htdocs/siggi-php/yii-1.1.13.e9e4a0/framework/base/CApplication.php(169): CConsoleApplication->processRequest()
#9 /Applications/XAMPP/xamppfiles/htdocs/siggi-php/yii-1.1.13.e9e4a0/framework/yiic.php(33): CConsoleApplication->run()
#10 /Applications/XAMPP/xamppfiles/htdocs/siggi-php/user2/protected/yiic.php(7): require_once()
#11 /Applications/XAMPP/xamppfiles/htdocs/siggi-php/user2/protected/yiic(4): require_once()

2013/12/02 09:50:10 [error] [exception.CHttpException.404] exception 'CHttpException' with message 'The system is unable to find the requested action "logi".' in /Applications/XAMPP/xamppfiles/htdocs/siggi-php/yii-1.1.13.e9e4a0/framework/web/CController.php:483
Stack trace:
#0 /Applications/XAMPP/xamppfiles/htdocs/siggi-php/yii-1.1.13.e9e4a0/framework/web/CController.php(270): CController->missingAction('logi')
#1 /Applications/XAMPP/xamppfiles/htdocs/siggi-php/yii-1.1.13.e9e4a0/framework/web/CWebApplication.php(282): CController->run('logi')
#2 /Applications/XAMPP/xamppfiles/htdocs/siggi-php/yii-1.1.13.e9e4a0/framework/web/CWebApplication.php(141): CWebApplication->runController('site/logi')
#3 /Applications/XAMPP/xamppfiles/htdocs/siggi-php/yii-1.1.13.e9e4a0/framework/base/CApplication.php(169): CWebApplication->processRequest()
#4 /Applications/XAMPP/xamppfiles/htdocs/siggi-php/user2/index.php(13): CApplication->run()
#5 {main}
REQUEST_URI=/siggi-php/user2/index.php/site/logi
---
2013/12/02 09:50:25 [error] [exception.CHttpException.404] exception 'CHttpException' with message 'Unable to resolve the request "usr/default/login".' in /Applications/XAMPP/xamppfiles/htdocs/siggi-php/yii-1.1.13.e9e4a0/framework/web/CWebApplication.php:286
Stack trace:
#0 /Applications/XAMPP/xamppfiles/htdocs/siggi-php/yii-1.1.13.e9e4a0/framework/web/CWebApplication.php(141): CWebApplication->runController('usr/default/log...')
#1 /Applications/XAMPP/xamppfiles/htdocs/siggi-php/yii-1.1.13.e9e4a0/framework/base/CApplication.php(169): CWebApplication->processRequest()
#2 /Applications/XAMPP/xamppfiles/htdocs/siggi-php/user2/index.php(13): CApplication->run()
#3 {main}
REQUEST_URI=/siggi-php/user2/index.php/usr/login
---
2013/12/02 09:51:33 [error] [exception.CHttpException.404] exception 'CHttpException' with message 'Unable to resolve the request "usr/default/login".' in /Applications/XAMPP/xamppfiles/htdocs/siggi-php/yii-1.1.13.e9e4a0/framework/web/CWebApplication.php:286
Stack trace:
#0 /Applications/XAMPP/xamppfiles/htdocs/siggi-php/yii-1.1.13.e9e4a0/framework/web/CWebApplication.php(141): CWebApplication->runController('usr/default/log...')
#1 /Applications/XAMPP/xamppfiles/htdocs/siggi-php/yii-1.1.13.e9e4a0/framework/base/CApplication.php(169): CWebApplication->processRequest()
#2 /Applications/XAMPP/xamppfiles/htdocs/siggi-php/user2/index.php(13): CApplication->run()
#3 {main}
REQUEST_URI=/siggi-php/user2/index.php/usr/login
---
2013/12/02 09:56:08 [error] [exception.CHttpException.404] exception 'CHttpException' with message 'Unable to resolve the request "user".' in /Applications/XAMPP/xamppfiles/htdocs/siggi-php/yii-1.1.13.e9e4a0/framework/web/CWebApplication.php:286
Stack trace:
#0 /Applications/XAMPP/xamppfiles/htdocs/siggi-php/yii-1.1.13.e9e4a0/framework/web/CWebApplication.php(141): CWebApplication->runController('user')
#1 /Applications/XAMPP/xamppfiles/htdocs/siggi-php/yii-1.1.13.e9e4a0/framework/base/CApplication.php(169): CWebApplication->processRequest()
#2 /Applications/XAMPP/xamppfiles/htdocs/siggi-php/user2/index.php(13): CApplication->run()
#3 {main}
REQUEST_URI=/siggi-php/user2/index.php/user
---
2013/12/02 09:56:22 [error] [exception.CHttpException.404] exception 'CHttpException' with message 'Unable to resolve the request "usr/default/login".' in /Applications/XAMPP/xamppfiles/htdocs/siggi-php/yii-1.1.13.e9e4a0/framework/web/CWebApplication.php:286
Stack trace:
#0 /Applications/XAMPP/xamppfiles/htdocs/siggi-php/yii-1.1.13.e9e4a0/framework/web/CWebApplication.php(141): CWebApplication->runController('usr/default/log...')
#1 /Applications/XAMPP/xamppfiles/htdocs/siggi-php/yii-1.1.13.e9e4a0/framework/base/CApplication.php(169): CWebApplication->processRequest()
#2 /Applications/XAMPP/xamppfiles/htdocs/siggi-php/user2/index.php(13): CApplication->run()
#3 {main}
REQUEST_URI=/siggi-php/user2/index.php/usr/login
---
2013/12/02 09:57:56 [error] [exception.CHttpException.404] exception 'CHttpException' with message 'Unable to resolve the request "usr/default/login".' in /Applications/XAMPP/xamppfiles/htdocs/siggi-php/yii-1.1.13.e9e4a0/framework/web/CWebApplication.php:286
Stack trace:
#0 /Applications/XAMPP/xamppfiles/htdocs/siggi-php/yii-1.1.13.e9e4a0/framework/web/CWebApplication.php(141): CWebApplication->runController('usr/default/log...')
#1 /Applications/XAMPP/xamppfiles/htdocs/siggi-php/yii-1.1.13.e9e4a0/framework/base/CApplication.php(169): CWebApplication->processRequest()
#2 /Applications/XAMPP/xamppfiles/htdocs/siggi-php/user2/index.php(13): CApplication->run()
#3 {main}
REQUEST_URI=/siggi-php/user2/index.php/usr/login
---
2013/12/02 09:58:14 [error] [exception.CHttpException.404] exception 'CHttpException' with message 'Unable to resolve the request "usr/default/login".' in /Applications/XAMPP/xamppfiles/htdocs/siggi-php/yii-1.1.13.e9e4a0/framework/web/CWebApplication.php:286
Stack trace:
#0 /Applications/XAMPP/xamppfiles/htdocs/siggi-php/yii-1.1.13.e9e4a0/framework/web/CWebApplication.php(141): CWebApplication->runController('usr/default/log...')
#1 /Applications/XAMPP/xamppfiles/htdocs/siggi-php/yii-1.1.13.e9e4a0/framework/base/CApplication.php(169): CWebApplication->processRequest()
#2 /Applications/XAMPP/xamppfiles/htdocs/siggi-php/user2/index.php(13): CApplication->run()
#3 {main}
REQUEST_URI=/siggi-php/user2/index.php/usr/login
---
2013/12/02 09:59:12 [error] [exception.CHttpException.404] exception 'CHttpException' with message 'Unable to resolve the request "login".' in /Applications/XAMPP/xamppfiles/htdocs/siggi-php/yii-1.1.13.e9e4a0/framework/web/CWebApplication.php:286
Stack trace:
#0 /Applications/XAMPP/xamppfiles/htdocs/siggi-php/yii-1.1.13.e9e4a0/framework/web/CWebApplication.php(141): CWebApplication->runController('login')
#1 /Applications/XAMPP/xamppfiles/htdocs/siggi-php/yii-1.1.13.e9e4a0/framework/base/CApplication.php(169): CWebApplication->processRequest()
#2 /Applications/XAMPP/xamppfiles/htdocs/siggi-php/user2/index.php(13): CApplication->run()
#3 {main}
REQUEST_URI=/siggi-php/user2/index.php/login
---
2013/12/02 09:59:21 [error] [exception.CHttpException.404] exception 'CHttpException' with message 'Unable to resolve the request "user/login".' in /Applications/XAMPP/xamppfiles/htdocs/siggi-php/yii-1.1.13.e9e4a0/framework/web/CWebApplication.php:286
Stack trace:
#0 /Applications/XAMPP/xamppfiles/htdocs/siggi-php/yii-1.1.13.e9e4a0/framework/web/CWebApplication.php(141): CWebApplication->runController('user/login')
#1 /Applications/XAMPP/xamppfiles/htdocs/siggi-php/yii-1.1.13.e9e4a0/framework/base/CApplication.php(169): CWebApplication->processRequest()
#2 /Applications/XAMPP/xamppfiles/htdocs/siggi-php/user2/index.php(13): CApplication->run()
#3 {main}
REQUEST_URI=/siggi-php/user2/index.php/user/login
---
2013/12/02 09:59:37 [error] [exception.CHttpException.404] exception 'CHttpException' with message 'Unable to resolve the request "user/login".' in /Applications/XAMPP/xamppfiles/htdocs/siggi-php/yii-1.1.13.e9e4a0/framework/web/CWebApplication.php:286
Stack trace:
#0 /Applications/XAMPP/xamppfiles/htdocs/siggi-php/yii-1.1.13.e9e4a0/framework/web/CWebApplication.php(141): CWebApplication->runController('user/login')
#1 /Applications/XAMPP/xamppfiles/htdocs/siggi-php/yii-1.1.13.e9e4a0/framework/base/CApplication.php(169): CWebApplication->processRequest()
#2 /Applications/XAMPP/xamppfiles/htdocs/siggi-php/user2/index.php(13): CApplication->run()
#3 {main}
REQUEST_URI=/siggi-php/user2/index.php/user/login
---
2013/12/02 09:59:51 [error] [exception.CHttpException.404] exception 'CHttpException' with message 'Unable to resolve the request "usr/default/login".' in /Applications/XAMPP/xamppfiles/htdocs/siggi-php/yii-1.1.13.e9e4a0/framework/web/CWebApplication.php:286
Stack trace:
#0 /Applications/XAMPP/xamppfiles/htdocs/siggi-php/yii-1.1.13.e9e4a0/framework/web/CWebApplication.php(141): CWebApplication->runController('usr/default/log...')
#1 /Applications/XAMPP/xamppfiles/htdocs/siggi-php/yii-1.1.13.e9e4a0/framework/base/CApplication.php(169): CWebApplication->processRequest()
#2 /Applications/XAMPP/xamppfiles/htdocs/siggi-php/user2/index.php(13): CApplication->run()
#3 {main}
REQUEST_URI=/siggi-php/user2/index.php/usr/login
---
2013/12/02 10:00:58 [error] [exception.CHttpException.404] exception 'CHttpException' with message 'Unable to resolve the request "gii".' in /Applications/XAMPP/xamppfiles/htdocs/siggi-php/yii-1.1.13.e9e4a0/framework/web/CWebApplication.php:286
Stack trace:
#0 /Applications/XAMPP/xamppfiles/htdocs/siggi-php/yii-1.1.13.e9e4a0/framework/web/CWebApplication.php(141): CWebApplication->runController('gii')
#1 /Applications/XAMPP/xamppfiles/htdocs/siggi-php/yii-1.1.13.e9e4a0/framework/base/CApplication.php(169): CWebApplication->processRequest()
#2 /Applications/XAMPP/xamppfiles/htdocs/siggi-php/user2/index.php(13): CApplication->run()
#3 {main}
REQUEST_URI=/siggi-php/user2/index.php/gii
---
2013/12/02 10:02:35 [error] [exception.CException] exception 'CException' with message 'Alias "usr.components.*" is invalid. Make sure it points to an existing directory or file.' in /Applications/XAMPP/xamppfiles/htdocs/siggi-php/yii-1.1.13.e9e4a0/framework/YiiBase.php:341
Stack trace:
#0 /Applications/XAMPP/xamppfiles/htdocs/siggi-php/user2/protected/components/UserIdentity.php(3): YiiBase::import('usr.components....')
#1 /Applications/XAMPP/xamppfiles/htdocs/siggi-php/yii-1.1.13.e9e4a0/framework/YiiBase.php(421): include('/Applications/X...')
#2 [internal function]: YiiBase::autoload('UserIdentity')
#3 /Applications/XAMPP/xamppfiles/htdocs/siggi-php/user2/protected/models/LoginForm.php(51): spl_autoload_call('UserIdentity')
#4 /Applications/XAMPP/xamppfiles/htdocs/siggi-php/yii-1.1.13.e9e4a0/framework/validators/CInlineValidator.php(42): LoginForm->authenticate('password', Array)
#5 /Applications/XAMPP/xamppfiles/htdocs/siggi-php/yii-1.1.13.e9e4a0/framework/validators/CValidator.php(213): CInlineValidator->validateAttribute(Object(LoginForm), 'password')
#6 /Applications/XAMPP/xamppfiles/htdocs/siggi-php/yii-1.1.13.e9e4a0/framework/base/CModel.php(159): CValidator->validate(Object(LoginForm), NULL)
#7 /Applications/XAMPP/xamppfiles/htdocs/siggi-php/user2/protected/controllers/SiteController.php(94): CModel->validate()
#8 /Applications/XAMPP/xamppfiles/htdocs/siggi-php/yii-1.1.13.e9e4a0/framework/web/actions/CInlineAction.php(49): SiteController->actionLogin()
#9 /Applications/XAMPP/xamppfiles/htdocs/siggi-php/yii-1.1.13.e9e4a0/framework/web/CController.php(308): CInlineAction->runWithParams(Array)
#10 /Applications/XAMPP/xamppfiles/htdocs/siggi-php/yii-1.1.13.e9e4a0/framework/web/CController.php(286): CController->runAction(Object(CInlineAction))
#11 /Applications/XAMPP/xamppfiles/htdocs/siggi-php/yii-1.1.13.e9e4a0/framework/web/CController.php(265): CController->runActionWithFilters(Object(CInlineAction), Array)
#12 /Applications/XAMPP/xamppfiles/htdocs/siggi-php/yii-1.1.13.e9e4a0/framework/web/CWebApplication.php(282): CController->run('login')
#13 /Applications/XAMPP/xamppfiles/htdocs/siggi-php/yii-1.1.13.e9e4a0/framework/web/CWebApplication.php(141): CWebApplication->runController('site/login')
#14 /Applications/XAMPP/xamppfiles/htdocs/siggi-php/yii-1.1.13.e9e4a0/framework/base/CApplication.php(169): CWebApplication->processRequest()
#15 /Applications/XAMPP/xamppfiles/htdocs/siggi-php/user2/index.php(13): CApplication->run()
#16 {main}
REQUEST_URI=/siggi-php/user2/index.php/site/login
HTTP_REFERER=http://localhost/siggi-php/user2/index.php/site/login
---
2013/12/02 12:02:18 [error] [php] include(User.php) [<a href='function.include'>function.include</a>]: failed to open stream: No such file or directory (/Applications/XAMPP/xamppfiles/htdocs/siggi-php/yii-1.1.13.e9e4a0/framework/YiiBase.php:421)
Stack trace:
#0 /Applications/XAMPP/xamppfiles/htdocs/siggi-php/user2/protected/components/UserIdentity.php(93): spl_autoload_call()
#1 /Applications/XAMPP/xamppfiles/htdocs/siggi-php/user2/protected/modules/usr/models/ProfileForm.php(79): find()
#2 /Applications/XAMPP/xamppfiles/htdocs/siggi-php/yii-1.1.13.e9e4a0/framework/validators/CInlineValidator.php(42): ProfileForm->uniqueIdentity()
#3 /Applications/XAMPP/xamppfiles/htdocs/siggi-php/yii-1.1.13.e9e4a0/framework/validators/CValidator.php(213): CInlineValidator->validateAttribute()
#4 /Applications/XAMPP/xamppfiles/htdocs/siggi-php/yii-1.1.13.e9e4a0/framework/base/CModel.php(159): CInlineValidator->validate()
#5 /Applications/XAMPP/xamppfiles/htdocs/siggi-php/yii-1.1.13.e9e4a0/framework/web/widgets/CActiveForm.php(835): ProfileForm->validate()
#6 /Applications/XAMPP/xamppfiles/htdocs/siggi-php/user2/protected/modules/usr/controllers/DefaultController.php(153): validate()
#7 /Applications/XAMPP/xamppfiles/htdocs/siggi-php/yii-1.1.13.e9e4a0/framework/web/actions/CInlineAction.php(49): DefaultController->actionRegister()
#8 /Applications/XAMPP/xamppfiles/htdocs/siggi-php/yii-1.1.13.e9e4a0/framework/web/CController.php(308): CInlineAction->runWithParams()
#9 /Applications/XAMPP/xamppfiles/htdocs/siggi-php/yii-1.1.13.e9e4a0/framework/web/CController.php(286): DefaultController->runAction()
#10 /Applications/XAMPP/xamppfiles/htdocs/siggi-php/yii-1.1.13.e9e4a0/framework/web/CController.php(265): DefaultController->runActionWithFilters()
#11 /Applications/XAMPP/xamppfiles/htdocs/siggi-php/yii-1.1.13.e9e4a0/framework/web/CWebApplication.php(282): DefaultController->run()
#12 /Applications/XAMPP/xamppfiles/htdocs/siggi-php/yii-1.1.13.e9e4a0/framework/web/CWebApplication.php(141): CWebApplication->runController()
#13 /Applications/XAMPP/xamppfiles/htdocs/siggi-php/yii-1.1.13.e9e4a0/framework/base/CApplication.php(169): CWebApplication->processRequest()
#14 /Applications/XAMPP/xamppfiles/htdocs/siggi-php/user2/index.php(13): CWebApplication->run()
REQUEST_URI=/siggi-php/user2/index.php/usr/register
in /Applications/XAMPP/xamppfiles/htdocs/siggi-php/user2/protected/components/UserIdentity.php (93)
in /Applications/XAMPP/xamppfiles/htdocs/siggi-php/user2/protected/modules/usr/models/ProfileForm.php (79)
in /Applications/XAMPP/xamppfiles/htdocs/siggi-php/user2/protected/modules/usr/controllers/DefaultController.php (153)
2013/12/02 12:02:20 [error] [php] include(User.php) [<a href='function.include'>function.include</a>]: failed to open stream: No such file or directory (/Applications/XAMPP/xamppfiles/htdocs/siggi-php/yii-1.1.13.e9e4a0/framework/YiiBase.php:421)
Stack trace:
#0 /Applications/XAMPP/xamppfiles/htdocs/siggi-php/user2/protected/components/UserIdentity.php(93): spl_autoload_call()
#1 /Applications/XAMPP/xamppfiles/htdocs/siggi-php/user2/protected/modules/usr/models/ProfileForm.php(79): find()
#2 /Applications/XAMPP/xamppfiles/htdocs/siggi-php/yii-1.1.13.e9e4a0/framework/validators/CInlineValidator.php(42): ProfileForm->uniqueIdentity()
#3 /Applications/XAMPP/xamppfiles/htdocs/siggi-php/yii-1.1.13.e9e4a0/framework/validators/CValidator.php(213): CInlineValidator->validateAttribute()
#4 /Applications/XAMPP/xamppfiles/htdocs/siggi-php/yii-1.1.13.e9e4a0/framework/base/CModel.php(159): CInlineValidator->validate()
#5 /Applications/XAMPP/xamppfiles/htdocs/siggi-php/yii-1.1.13.e9e4a0/framework/web/widgets/CActiveForm.php(835): ProfileForm->validate()
#6 /Applications/XAMPP/xamppfiles/htdocs/siggi-php/user2/protected/modules/usr/controllers/DefaultController.php(153): validate()
#7 /Applications/XAMPP/xamppfiles/htdocs/siggi-php/yii-1.1.13.e9e4a0/framework/web/actions/CInlineAction.php(49): DefaultController->actionRegister()
#8 /Applications/XAMPP/xamppfiles/htdocs/siggi-php/yii-1.1.13.e9e4a0/framework/web/CController.php(308): CInlineAction->runWithParams()
#9 /Applications/XAMPP/xamppfiles/htdocs/siggi-php/yii-1.1.13.e9e4a0/framework/web/CController.php(286): DefaultController->runAction()
#10 /Applications/XAMPP/xamppfiles/htdocs/siggi-php/yii-1.1.13.e9e4a0/framework/web/CController.php(265): DefaultController->runActionWithFilters()
#11 /Applications/XAMPP/xamppfiles/htdocs/siggi-php/yii-1.1.13.e9e4a0/framework/web/CWebApplication.php(282): DefaultController->run()
#12 /Applications/XAMPP/xamppfiles/htdocs/siggi-php/yii-1.1.13.e9e4a0/framework/web/CWebApplication.php(141): CWebApplication->runController()
#13 /Applications/XAMPP/xamppfiles/htdocs/siggi-php/yii-1.1.13.e9e4a0/framework/base/CApplication.php(169): CWebApplication->processRequest()
#14 /Applications/XAMPP/xamppfiles/htdocs/siggi-php/user2/index.php(13): CWebApplication->run()
REQUEST_URI=/siggi-php/user2/index.php/usr/register
in /Applications/XAMPP/xamppfiles/htdocs/siggi-php/user2/protected/components/UserIdentity.php (93)
in /Applications/XAMPP/xamppfiles/htdocs/siggi-php/user2/protected/modules/usr/models/ProfileForm.php (79)
in /Applications/XAMPP/xamppfiles/htdocs/siggi-php/user2/protected/modules/usr/controllers/DefaultController.php (153)
2013/12/02 12:02:22 [error] [php] include(User.php) [<a href='function.include'>function.include</a>]: failed to open stream: No such file or directory (/Applications/XAMPP/xamppfiles/htdocs/siggi-php/yii-1.1.13.e9e4a0/framework/YiiBase.php:421)
Stack trace:
#0 /Applications/XAMPP/xamppfiles/htdocs/siggi-php/user2/protected/components/UserIdentity.php(93): spl_autoload_call()
#1 /Applications/XAMPP/xamppfiles/htdocs/siggi-php/user2/protected/modules/usr/models/ProfileForm.php(79): find()
#2 /Applications/XAMPP/xamppfiles/htdocs/siggi-php/yii-1.1.13.e9e4a0/framework/validators/CInlineValidator.php(42): ProfileForm->uniqueIdentity()
#3 /Applications/XAMPP/xamppfiles/htdocs/siggi-php/yii-1.1.13.e9e4a0/framework/validators/CValidator.php(213): CInlineValidator->validateAttribute()
#4 /Applications/XAMPP/xamppfiles/htdocs/siggi-php/yii-1.1.13.e9e4a0/framework/base/CModel.php(159): CInlineValidator->validate()
#5 /Applications/XAMPP/xamppfiles/htdocs/siggi-php/yii-1.1.13.e9e4a0/framework/web/widgets/CActiveForm.php(835): ProfileForm->validate()
#6 /Applications/XAMPP/xamppfiles/htdocs/siggi-php/user2/protected/modules/usr/controllers/DefaultController.php(153): validate()
#7 /Applications/XAMPP/xamppfiles/htdocs/siggi-php/yii-1.1.13.e9e4a0/framework/web/actions/CInlineAction.php(49): DefaultController->actionRegister()
#8 /Applications/XAMPP/xamppfiles/htdocs/siggi-php/yii-1.1.13.e9e4a0/framework/web/CController.php(308): CInlineAction->runWithParams()
#9 /Applications/XAMPP/xamppfiles/htdocs/siggi-php/yii-1.1.13.e9e4a0/framework/web/CController.php(286): DefaultController->runAction()
#10 /Applications/XAMPP/xamppfiles/htdocs/siggi-php/yii-1.1.13.e9e4a0/framework/web/CController.php(265): DefaultController->runActionWithFilters()
#11 /Applications/XAMPP/xamppfiles/htdocs/siggi-php/yii-1.1.13.e9e4a0/framework/web/CWebApplication.php(282): DefaultController->run()
#12 /Applications/XAMPP/xamppfiles/htdocs/siggi-php/yii-1.1.13.e9e4a0/framework/web/CWebApplication.php(141): CWebApplication->runController()
#13 /Applications/XAMPP/xamppfiles/htdocs/siggi-php/yii-1.1.13.e9e4a0/framework/base/CApplication.php(169): CWebApplication->processRequest()
#14 /Applications/XAMPP/xamppfiles/htdocs/siggi-php/user2/index.php(13): CWebApplication->run()
REQUEST_URI=/siggi-php/user2/index.php/usr/register
in /Applications/XAMPP/xamppfiles/htdocs/siggi-php/user2/protected/components/UserIdentity.php (93)
in /Applications/XAMPP/xamppfiles/htdocs/siggi-php/user2/protected/modules/usr/models/ProfileForm.php (79)
in /Applications/XAMPP/xamppfiles/htdocs/siggi-php/user2/protected/modules/usr/controllers/DefaultController.php (153)
2013/12/02 12:02:26 [error] [php] include(User.php) [<a href='function.include'>function.include</a>]: failed to open stream: No such file or directory (/Applications/XAMPP/xamppfiles/htdocs/siggi-php/yii-1.1.13.e9e4a0/framework/YiiBase.php:421)
Stack trace:
#0 /Applications/XAMPP/xamppfiles/htdocs/siggi-php/user2/protected/components/UserIdentity.php(93): spl_autoload_call()
#1 /Applications/XAMPP/xamppfiles/htdocs/siggi-php/user2/protected/modules/usr/models/ProfileForm.php(79): find()
#2 /Applications/XAMPP/xamppfiles/htdocs/siggi-php/yii-1.1.13.e9e4a0/framework/validators/CInlineValidator.php(42): ProfileForm->uniqueIdentity()
#3 /Applications/XAMPP/xamppfiles/htdocs/siggi-php/yii-1.1.13.e9e4a0/framework/validators/CValidator.php(213): CInlineValidator->validateAttribute()
#4 /Applications/XAMPP/xamppfiles/htdocs/siggi-php/yii-1.1.13.e9e4a0/framework/base/CModel.php(159): CInlineValidator->validate()
#5 /Applications/XAMPP/xamppfiles/htdocs/siggi-php/yii-1.1.13.e9e4a0/framework/web/widgets/CActiveForm.php(835): ProfileForm->validate()
#6 /Applications/XAMPP/xamppfiles/htdocs/siggi-php/user2/protected/modules/usr/controllers/DefaultController.php(153): validate()
#7 /Applications/XAMPP/xamppfiles/htdocs/siggi-php/yii-1.1.13.e9e4a0/framework/web/actions/CInlineAction.php(49): DefaultController->actionRegister()
#8 /Applications/XAMPP/xamppfiles/htdocs/siggi-php/yii-1.1.13.e9e4a0/framework/web/CController.php(308): CInlineAction->runWithParams()
#9 /Applications/XAMPP/xamppfiles/htdocs/siggi-php/yii-1.1.13.e9e4a0/framework/web/CController.php(286): DefaultController->runAction()
#10 /Applications/XAMPP/xamppfiles/htdocs/siggi-php/yii-1.1.13.e9e4a0/framework/web/CController.php(265): DefaultController->runActionWithFilters()
#11 /Applications/XAMPP/xamppfiles/htdocs/siggi-php/yii-1.1.13.e9e4a0/framework/web/CWebApplication.php(282): DefaultController->run()
#12 /Applications/XAMPP/xamppfiles/htdocs/siggi-php/yii-1.1.13.e9e4a0/framework/web/CWebApplication.php(141): CWebApplication->runController()
#13 /Applications/XAMPP/xamppfiles/htdocs/siggi-php/yii-1.1.13.e9e4a0/framework/base/CApplication.php(169): CWebApplication->processRequest()
#14 /Applications/XAMPP/xamppfiles/htdocs/siggi-php/user2/index.php(13): CWebApplication->run()
REQUEST_URI=/siggi-php/user2/index.php/usr/register
in /Applications/XAMPP/xamppfiles/htdocs/siggi-php/user2/protected/components/UserIdentity.php (93)
in /Applications/XAMPP/xamppfiles/htdocs/siggi-php/user2/protected/modules/usr/models/ProfileForm.php (79)
in /Applications/XAMPP/xamppfiles/htdocs/siggi-php/user2/protected/modules/usr/controllers/DefaultController.php (153)
2013/12/02 12:02:28 [error] [php] include(User.php) [<a href='function.include'>function.include</a>]: failed to open stream: No such file or directory (/Applications/XAMPP/xamppfiles/htdocs/siggi-php/yii-1.1.13.e9e4a0/framework/YiiBase.php:421)
Stack trace:
#0 /Applications/XAMPP/xamppfiles/htdocs/siggi-php/user2/protected/components/UserIdentity.php(93): spl_autoload_call()
#1 /Applications/XAMPP/xamppfiles/htdocs/siggi-php/user2/protected/modules/usr/models/ProfileForm.php(79): find()
#2 /Applications/XAMPP/xamppfiles/htdocs/siggi-php/yii-1.1.13.e9e4a0/framework/validators/CInlineValidator.php(42): ProfileForm->uniqueIdentity()
#3 /Applications/XAMPP/xamppfiles/htdocs/siggi-php/yii-1.1.13.e9e4a0/framework/validators/CValidator.php(213): CInlineValidator->validateAttribute()
#4 /Applications/XAMPP/xamppfiles/htdocs/siggi-php/yii-1.1.13.e9e4a0/framework/base/CModel.php(159): CInlineValidator->validate()
#5 /Applications/XAMPP/xamppfiles/htdocs/siggi-php/yii-1.1.13.e9e4a0/framework/web/widgets/CActiveForm.php(835): ProfileForm->validate()
#6 /Applications/XAMPP/xamppfiles/htdocs/siggi-php/user2/protected/modules/usr/controllers/DefaultController.php(153): validate()
#7 /Applications/XAMPP/xamppfiles/htdocs/siggi-php/yii-1.1.13.e9e4a0/framework/web/actions/CInlineAction.php(49): DefaultController->actionRegister()
#8 /Applications/XAMPP/xamppfiles/htdocs/siggi-php/yii-1.1.13.e9e4a0/framework/web/CController.php(308): CInlineAction->runWithParams()
#9 /Applications/XAMPP/xamppfiles/htdocs/siggi-php/yii-1.1.13.e9e4a0/framework/web/CController.php(286): DefaultController->runAction()
#10 /Applications/XAMPP/xamppfiles/htdocs/siggi-php/yii-1.1.13.e9e4a0/framework/web/CController.php(265): DefaultController->runActionWithFilters()
#11 /Applications/XAMPP/xamppfiles/htdocs/siggi-php/yii-1.1.13.e9e4a0/framework/web/CWebApplication.php(282): DefaultController->run()
#12 /Applications/XAMPP/xamppfiles/htdocs/siggi-php/yii-1.1.13.e9e4a0/framework/web/CWebApplication.php(141): CWebApplication->runController()
#13 /Applications/XAMPP/xamppfiles/htdocs/siggi-php/yii-1.1.13.e9e4a0/framework/base/CApplication.php(169): CWebApplication->processRequest()
#14 /Applications/XAMPP/xamppfiles/htdocs/siggi-php/user2/index.php(13): CWebApplication->run()
REQUEST_URI=/siggi-php/user2/index.php/usr/register
in /Applications/XAMPP/xamppfiles/htdocs/siggi-php/user2/protected/components/UserIdentity.php (93)
in /Applications/XAMPP/xamppfiles/htdocs/siggi-php/user2/protected/modules/usr/models/ProfileForm.php (79)
in /Applications/XAMPP/xamppfiles/htdocs/siggi-php/user2/protected/modules/usr/controllers/DefaultController.php (153)
2013/12/02 14:39:38 [error] [exception.CHttpException.404] exception 'CHttpException' with message 'Unable to resolve the request "usr/register".' in /Applications/XAMPP/xamppfiles/htdocs/siggi-php/yii-1.1.13.e9e4a0/framework/web/CWebApplication.php:286
Stack trace:
#0 /Applications/XAMPP/xamppfiles/htdocs/siggi-php/yii-1.1.13.e9e4a0/framework/web/CWebApplication.php(141): CWebApplication->runController('usr/register')
#1 /Applications/XAMPP/xamppfiles/htdocs/siggi-php/yii-1.1.13.e9e4a0/framework/base/CApplication.php(169): CWebApplication->processRequest()
#2 /Applications/XAMPP/xamppfiles/htdocs/siggi-php/user2/index.php(13): CApplication->run()
#3 {main}
REQUEST_URI=/siggi-php/user2/index.php/usr/register
HTTP_REFERER=http://localhost/siggi-php/user2/index.php/usr/register
---
2013/12/02 14:40:55 [error] [exception.CHttpException.404] exception 'CHttpException' with message 'Unable to resolve the request "usr/default/register".' in /Applications/XAMPP/xamppfiles/htdocs/siggi-php/yii-1.1.13.e9e4a0/framework/web/CWebApplication.php:286
Stack trace:
#0 /Applications/XAMPP/xamppfiles/htdocs/siggi-php/yii-1.1.13.e9e4a0/framework/web/CWebApplication.php(141): CWebApplication->runController('usr/default/reg...')
#1 /Applications/XAMPP/xamppfiles/htdocs/siggi-php/yii-1.1.13.e9e4a0/framework/base/CApplication.php(169): CWebApplication->processRequest()
#2 /Applications/XAMPP/xamppfiles/htdocs/siggi-php/user2/index.php(13): CApplication->run()
#3 {main}
REQUEST_URI=/siggi-php/user2/index.php/usr/register
HTTP_REFERER=http://localhost/siggi-php/user2/index.php/usr/login
---
2013/12/02 14:48:20 [error] [exception.CHttpException.404] exception 'CHttpException' with message 'Unable to resolve the request "usr/admin".' in /Applications/XAMPP/xamppfiles/htdocs/siggi-php/yii-1.1.13.e9e4a0/framework/web/CWebApplication.php:286
Stack trace:
#0 /Applications/XAMPP/xamppfiles/htdocs/siggi-php/yii-1.1.13.e9e4a0/framework/web/CWebApplication.php(141): CWebApplication->runController('usr/admin')
#1 /Applications/XAMPP/xamppfiles/htdocs/siggi-php/yii-1.1.13.e9e4a0/framework/base/CApplication.php(169): CWebApplication->processRequest()
#2 /Applications/XAMPP/xamppfiles/htdocs/siggi-php/user2/index.php(13): CApplication->run()
#3 {main}
REQUEST_URI=/siggi-php/user2/index.php/usr/admin
---
2013/12/02 14:48:54 [error] [exception.CHttpException.404] exception 'CHttpException' with message 'Unable to resolve the request "usr/index".' in /Applications/XAMPP/xamppfiles/htdocs/siggi-php/yii-1.1.13.e9e4a0/framework/web/CWebApplication.php:286
Stack trace:
#0 /Applications/XAMPP/xamppfiles/htdocs/siggi-php/yii-1.1.13.e9e4a0/framework/web/CWebApplication.php(141): CWebApplication->runController('usr/index')
#1 /Applications/XAMPP/xamppfiles/htdocs/siggi-php/yii-1.1.13.e9e4a0/framework/base/CApplication.php(169): CWebApplication->processRequest()
#2 /Applications/XAMPP/xamppfiles/htdocs/siggi-php/user2/index.php(13): CApplication->run()
#3 {main}
REQUEST_URI=/siggi-php/user2/index.php/usr/index
---
2013/12/02 14:50:03 [error] [exception.CException] exception 'CException' with message 'The ProfileForm class must implement the IEditableIdentity interface.' in /Applications/XAMPP/xamppfiles/htdocs/siggi-php/user2/protected/modules/usr/models/ProfileForm.php:67
Stack trace:
#0 /Applications/XAMPP/xamppfiles/htdocs/siggi-php/user2/protected/modules/usr/controllers/DefaultController.php(194): ProfileForm->getIdentity()
#1 [internal function]: DefaultController->actionProfile(false)
#2 /Applications/XAMPP/xamppfiles/htdocs/siggi-php/yii-1.1.13.e9e4a0/framework/web/actions/CAction.php(108): ReflectionMethod->invokeArgs(Object(DefaultController), Array)
#3 /Applications/XAMPP/xamppfiles/htdocs/siggi-php/yii-1.1.13.e9e4a0/framework/web/actions/CInlineAction.php(47): CAction->runWithParamsInternal(Object(DefaultController), Object(ReflectionMethod), Array)
#4 /Applications/XAMPP/xamppfiles/htdocs/siggi-php/yii-1.1.13.e9e4a0/framework/web/CController.php(308): CInlineAction->runWithParams(Array)
#5 /Applications/XAMPP/xamppfiles/htdocs/siggi-php/yii-1.1.13.e9e4a0/framework/web/CController.php(286): CController->runAction(Object(CInlineAction))
#6 /Applications/XAMPP/xamppfiles/htdocs/siggi-php/yii-1.1.13.e9e4a0/framework/web/CController.php(265): CController->runActionWithFilters(Object(CInlineAction), Array)
#7 /Applications/XAMPP/xamppfiles/htdocs/siggi-php/yii-1.1.13.e9e4a0/framework/web/CWebApplication.php(282): CController->run('profile')
#8 /Applications/XAMPP/xamppfiles/htdocs/siggi-php/yii-1.1.13.e9e4a0/framework/web/CWebApplication.php(141): CWebApplication->runController('usr/default/pro...')
#9 /Applications/XAMPP/xamppfiles/htdocs/siggi-php/yii-1.1.13.e9e4a0/framework/base/CApplication.php(169): CWebApplication->processRequest()
#10 /Applications/XAMPP/xamppfiles/htdocs/siggi-php/user2/index.php(13): CApplication->run()
#11 {main}
REQUEST_URI=/siggi-php/user2/index.php/usr/profile
---
2013/12/02 14:54:48 [error] [exception.CHttpException.404] exception 'CHttpException' with message 'Unable to resolve the request "usr/profile".' in /Applications/XAMPP/xamppfiles/htdocs/siggi-php/yii-1.1.13.e9e4a0/framework/web/CWebApplication.php:286
Stack trace:
#0 /Applications/XAMPP/xamppfiles/htdocs/siggi-php/yii-1.1.13.e9e4a0/framework/web/CWebApplication.php(141): CWebApplication->runController('usr/profile')
#1 /Applications/XAMPP/xamppfiles/htdocs/siggi-php/yii-1.1.13.e9e4a0/framework/base/CApplication.php(169): CWebApplication->processRequest()
#2 /Applications/XAMPP/xamppfiles/htdocs/siggi-php/user2/index.php(13): CApplication->run()
#3 {main}
REQUEST_URI=/siggi-php/user2/index.php/usr/profile
---
2013/12/02 14:55:01 [error] [exception.CException] exception 'CException' with message 'The ProfileForm class must implement the IEditableIdentity interface.' in /Applications/XAMPP/xamppfiles/htdocs/siggi-php/user2/protected/modules/usr/models/ProfileForm.php:67
Stack trace:
#0 /Applications/XAMPP/xamppfiles/htdocs/siggi-php/user2/protected/modules/usr/controllers/DefaultController.php(194): ProfileForm->getIdentity()
#1 [internal function]: DefaultController->actionProfile(false)
#2 /Applications/XAMPP/xamppfiles/htdocs/siggi-php/yii-1.1.13.e9e4a0/framework/web/actions/CAction.php(108): ReflectionMethod->invokeArgs(Object(DefaultController), Array)
#3 /Applications/XAMPP/xamppfiles/htdocs/siggi-php/yii-1.1.13.e9e4a0/framework/web/actions/CInlineAction.php(47): CAction->runWithParamsInternal(Object(DefaultController), Object(ReflectionMethod), Array)
#4 /Applications/XAMPP/xamppfiles/htdocs/siggi-php/yii-1.1.13.e9e4a0/framework/web/CController.php(308): CInlineAction->runWithParams(Array)
#5 /Applications/XAMPP/xamppfiles/htdocs/siggi-php/yii-1.1.13.e9e4a0/framework/web/CController.php(286): CController->runAction(Object(CInlineAction))
#6 /Applications/XAMPP/xamppfiles/htdocs/siggi-php/yii-1.1.13.e9e4a0/framework/web/CController.php(265): CController->runActionWithFilters(Object(CInlineAction), Array)
#7 /Applications/XAMPP/xamppfiles/htdocs/siggi-php/yii-1.1.13.e9e4a0/framework/web/CWebApplication.php(282): CController->run('profile')
#8 /Applications/XAMPP/xamppfiles/htdocs/siggi-php/yii-1.1.13.e9e4a0/framework/web/CWebApplication.php(141): CWebApplication->runController('usr/default/pro...')
#9 /Applications/XAMPP/xamppfiles/htdocs/siggi-php/yii-1.1.13.e9e4a0/framework/base/CApplication.php(169): CWebApplication->processRequest()
#10 /Applications/XAMPP/xamppfiles/htdocs/siggi-php/user2/index.php(13): CApplication->run()
#11 {main}
REQUEST_URI=/siggi-php/user2/index.php/usr/default/profile
---
2013/12/02 14:55:19 [error] [exception.CHttpException.404] exception 'CHttpException' with message 'Unable to resolve the request "usr/profile".' in /Applications/XAMPP/xamppfiles/htdocs/siggi-php/yii-1.1.13.e9e4a0/framework/web/CWebApplication.php:286
Stack trace:
#0 /Applications/XAMPP/xamppfiles/htdocs/siggi-php/yii-1.1.13.e9e4a0/framework/web/CWebApplication.php(141): CWebApplication->runController('usr/profile')
#1 /Applications/XAMPP/xamppfiles/htdocs/siggi-php/yii-1.1.13.e9e4a0/framework/base/CApplication.php(169): CWebApplication->processRequest()
#2 /Applications/XAMPP/xamppfiles/htdocs/siggi-php/user2/index.php(13): CApplication->run()
#3 {main}
REQUEST_URI=/siggi-php/user2/index.php/usr/profile
---
2013/12/02 15:01:05 [error] [exception.CHttpException.404] exception 'CHttpException' with message 'Unable to resolve the request "login".' in /Applications/XAMPP/xamppfiles/htdocs/siggi-php/yii-1.1.13.e9e4a0/framework/web/CWebApplication.php:286
Stack trace:
#0 /Applications/XAMPP/xamppfiles/htdocs/siggi-php/yii-1.1.13.e9e4a0/framework/web/CWebApplication.php(141): CWebApplication->runController('login')
#1 /Applications/XAMPP/xamppfiles/htdocs/siggi-php/yii-1.1.13.e9e4a0/framework/base/CApplication.php(169): CWebApplication->processRequest()
#2 /Applications/XAMPP/xamppfiles/htdocs/siggi-php/user2/index.php(13): CApplication->run()
#3 {main}
REQUEST_URI=/siggi-php/user2/index.php/login
---
2013/12/02 15:02:00 [warning] [application] Failed to save user: Array
(
    [created_on] => Array
        (
            [0] => Created On cannot be blank.
        )

)

in /Applications/XAMPP/xamppfiles/htdocs/siggi-php/user2/protected/components/UserIdentity.php (202)
in /Applications/XAMPP/xamppfiles/htdocs/siggi-php/user2/protected/modules/usr/models/ProfileForm.php (113)
in /Applications/XAMPP/xamppfiles/htdocs/siggi-php/user2/protected/modules/usr/controllers/DefaultController.php (161)
2013/12/02 15:03:03 [warning] [application] Failed to save user: Array
(
    [created_on] => Array
        (
            [0] => Created On cannot be blank.
        )

)

in /Applications/XAMPP/xamppfiles/htdocs/siggi-php/user2/protected/components/UserIdentity.php (202)
in /Applications/XAMPP/xamppfiles/htdocs/siggi-php/user2/protected/modules/usr/models/ProfileForm.php (113)
in /Applications/XAMPP/xamppfiles/htdocs/siggi-php/user2/protected/modules/usr/controllers/DefaultController.php (161)
2013/12/02 15:04:35 [error] [exception.CHttpException.404] exception 'CHttpException' with message 'Unable to resolve the request "login".' in /Applications/XAMPP/xamppfiles/htdocs/siggi-php/yii-1.1.13.e9e4a0/framework/web/CWebApplication.php:286
Stack trace:
#0 /Applications/XAMPP/xamppfiles/htdocs/siggi-php/yii-1.1.13.e9e4a0/framework/web/CWebApplication.php(141): CWebApplication->runController('login')
#1 /Applications/XAMPP/xamppfiles/htdocs/siggi-php/yii-1.1.13.e9e4a0/framework/base/CApplication.php(169): CWebApplication->processRequest()
#2 /Applications/XAMPP/xamppfiles/htdocs/siggi-php/user2/index.php(13): CApplication->run()
#3 {main}
REQUEST_URI=/siggi-php/user2/index.php/login
---
2013/12/02 15:05:09 [warning] [application] Failed to save user: Array
(
    [created_on] => Array
        (
            [0] => Created On cannot be blank.
        )

)

in /Applications/XAMPP/xamppfiles/htdocs/siggi-php/user2/protected/components/UserIdentity.php (202)
in /Applications/XAMPP/xamppfiles/htdocs/siggi-php/user2/protected/modules/usr/models/ProfileForm.php (113)
in /Applications/XAMPP/xamppfiles/htdocs/siggi-php/user2/protected/modules/usr/controllers/DefaultController.php (161)
2013/12/02 15:10:00 [warning] [application] Failed to save user: Array
(
    [created_on] => Array
        (
            [0] => Created On cannot be blank.
        )

)

in /Applications/XAMPP/xamppfiles/htdocs/siggi-php/user2/protected/components/UserIdentity.php (202)
in /Applications/XAMPP/xamppfiles/htdocs/siggi-php/user2/protected/modules/usr/models/ProfileForm.php (113)
in /Applications/XAMPP/xamppfiles/htdocs/siggi-php/user2/protected/modules/usr/controllers/DefaultController.php (161)
2013/12/02 15:10:25 [warning] [application] Failed to save user: Array
(
    [created_on] => Array
        (
            [0] => Created On cannot be blank.
        )

)

in /Applications/XAMPP/xamppfiles/htdocs/siggi-php/user2/protected/components/UserIdentity.php (202)
in /Applications/XAMPP/xamppfiles/htdocs/siggi-php/user2/protected/modules/usr/models/ProfileForm.php (113)
in /Applications/XAMPP/xamppfiles/htdocs/siggi-php/user2/protected/modules/usr/controllers/DefaultController.php (161)
2013/12/02 15:16:19 [warning] [application] Failed to save user: Array
(
    [created_on] => Array
        (
            [0] => Created On cannot be blank.
        )

)

in /Applications/XAMPP/xamppfiles/htdocs/siggi-php/user2/protected/components/UserIdentity.php (202)
in /Applications/XAMPP/xamppfiles/htdocs/siggi-php/user2/protected/modules/usr/models/ProfileForm.php (113)
in /Applications/XAMPP/xamppfiles/htdocs/siggi-php/user2/protected/modules/usr/controllers/DefaultController.php (161)
2013/12/02 15:17:06 [warning] [application] Failed to save user: Array
(
    [created_on] => Array
        (
            [0] => Created On cannot be blank.
        )

)

in /Applications/XAMPP/xamppfiles/htdocs/siggi-php/user2/protected/components/UserIdentity.php (202)
in /Applications/XAMPP/xamppfiles/htdocs/siggi-php/user2/protected/modules/usr/models/ProfileForm.php (113)
in /Applications/XAMPP/xamppfiles/htdocs/siggi-php/user2/protected/modules/usr/controllers/DefaultController.php (161)
2013/12/02 15:17:09 [warning] [application] Failed to save user: Array
(
    [created_on] => Array
        (
            [0] => Created On cannot be blank.
        )

)

in /Applications/XAMPP/xamppfiles/htdocs/siggi-php/user2/protected/components/UserIdentity.php (202)
in /Applications/XAMPP/xamppfiles/htdocs/siggi-php/user2/protected/modules/usr/models/ProfileForm.php (113)
in /Applications/XAMPP/xamppfiles/htdocs/siggi-php/user2/protected/modules/usr/controllers/DefaultController.php (161)
2013/12/02 15:17:57 [warning] [application] Failed to save user: Array
(
    [created_on] => Array
        (
            [0] => Created On cannot be blank.
        )

)

in /Applications/XAMPP/xamppfiles/htdocs/siggi-php/user2/protected/components/UserIdentity.php (202)
in /Applications/XAMPP/xamppfiles/htdocs/siggi-php/user2/protected/modules/usr/models/ProfileForm.php (113)
in /Applications/XAMPP/xamppfiles/htdocs/siggi-php/user2/protected/modules/usr/controllers/DefaultController.php (161)
2013/12/02 15:18:00 [warning] [application] Failed to save user: Array
(
    [created_on] => Array
        (
            [0] => Created On cannot be blank.
        )

)

in /Applications/XAMPP/xamppfiles/htdocs/siggi-php/user2/protected/components/UserIdentity.php (202)
in /Applications/XAMPP/xamppfiles/htdocs/siggi-php/user2/protected/modules/usr/models/ProfileForm.php (113)
in /Applications/XAMPP/xamppfiles/htdocs/siggi-php/user2/protected/modules/usr/controllers/DefaultController.php (161)
2013/12/02 15:18:03 [warning] [application] Failed to save user: Array
(
    [created_on] => Array
        (
            [0] => Created On cannot be blank.
        )

)

in /Applications/XAMPP/xamppfiles/htdocs/siggi-php/user2/protected/components/UserIdentity.php (202)
in /Applications/XAMPP/xamppfiles/htdocs/siggi-php/user2/protected/modules/usr/models/ProfileForm.php (113)
in /Applications/XAMPP/xamppfiles/htdocs/siggi-php/user2/protected/modules/usr/controllers/DefaultController.php (161)
2013/12/03 10:39:26 [warning] [application] Failed to save user: Array
(
    [created_on] => Array
        (
            [0] => Created On cannot be blank.
        )

)

in /Applications/XAMPP/xamppfiles/htdocs/siggi-php/user2/protected/components/UserIdentity.php (202)
in /Applications/XAMPP/xamppfiles/htdocs/siggi-php/user2/protected/modules/usr/models/ProfileForm.php (113)
in /Applications/XAMPP/xamppfiles/htdocs/siggi-php/user2/protected/modules/usr/controllers/DefaultController.php (161)
2013/12/03 10:39:31 [warning] [application] Failed to save user: Array
(
    [created_on] => Array
        (
            [0] => Created On cannot be blank.
        )

)

in /Applications/XAMPP/xamppfiles/htdocs/siggi-php/user2/protected/components/UserIdentity.php (202)
in /Applications/XAMPP/xamppfiles/htdocs/siggi-php/user2/protected/modules/usr/models/ProfileForm.php (113)
in /Applications/XAMPP/xamppfiles/htdocs/siggi-php/user2/protected/modules/usr/controllers/DefaultController.php (161)
2013/12/03 10:39:34 [warning] [application] Failed to save user: Array
(
    [created_on] => Array
        (
            [0] => Created On cannot be blank.
        )

)

in /Applications/XAMPP/xamppfiles/htdocs/siggi-php/user2/protected/components/UserIdentity.php (202)
in /Applications/XAMPP/xamppfiles/htdocs/siggi-php/user2/protected/modules/usr/models/ProfileForm.php (113)
in /Applications/XAMPP/xamppfiles/htdocs/siggi-php/user2/protected/modules/usr/controllers/DefaultController.php (161)
2013/12/03 10:40:01 [warning] [application] Failed to save user: Array
(
    [created_on] => Array
        (
            [0] => Created On cannot be blank.
        )

)

in /Applications/XAMPP/xamppfiles/htdocs/siggi-php/user2/protected/components/UserIdentity.php (202)
in /Applications/XAMPP/xamppfiles/htdocs/siggi-php/user2/protected/modules/usr/models/ProfileForm.php (113)
in /Applications/XAMPP/xamppfiles/htdocs/siggi-php/user2/protected/modules/usr/controllers/DefaultController.php (161)
2013/12/03 10:42:00 [warning] [application] Failed to save user: Array
(
    [created_on] => Array
        (
            [0] => Created On cannot be blank.
        )

)

in /Applications/XAMPP/xamppfiles/htdocs/siggi-php/user2/protected/components/UserIdentity.php (203)
in /Applications/XAMPP/xamppfiles/htdocs/siggi-php/user2/protected/modules/usr/models/ProfileForm.php (113)
in /Applications/XAMPP/xamppfiles/htdocs/siggi-php/user2/protected/modules/usr/controllers/DefaultController.php (161)
2013/12/03 10:42:05 [warning] [application] Failed to save user: Array
(
    [created_on] => Array
        (
            [0] => Created On cannot be blank.
        )

)

in /Applications/XAMPP/xamppfiles/htdocs/siggi-php/user2/protected/components/UserIdentity.php (203)
in /Applications/XAMPP/xamppfiles/htdocs/siggi-php/user2/protected/modules/usr/models/ProfileForm.php (113)
in /Applications/XAMPP/xamppfiles/htdocs/siggi-php/user2/protected/modules/usr/controllers/DefaultController.php (161)
2013/12/03 10:46:05 [warning] [application] Failed to save user: Array
(
    [created_on] => Array
        (
            [0] => Created On cannot be blank.
        )

)

in /Applications/XAMPP/xamppfiles/htdocs/siggi-php/user2/protected/components/UserIdentity.php (207)
in /Applications/XAMPP/xamppfiles/htdocs/siggi-php/user2/protected/modules/usr/models/ProfileForm.php (113)
in /Applications/XAMPP/xamppfiles/htdocs/siggi-php/user2/protected/modules/usr/controllers/DefaultController.php (161)
2013/12/03 10:54:10 [warning] [application] Failed to save user: Array
(
    [created_on] => Array
        (
            [0] => Created On cannot be blank.
        )

)

in /Applications/XAMPP/xamppfiles/htdocs/siggi-php/user2/protected/components/UserIdentity.php (213)
in /Applications/XAMPP/xamppfiles/htdocs/siggi-php/user2/protected/modules/usr/models/ProfileForm.php (113)
in /Applications/XAMPP/xamppfiles/htdocs/siggi-php/user2/protected/modules/usr/controllers/DefaultController.php (161)
2013/12/03 10:55:12 [warning] [application] Failed to save user: Array
(
    [created_on] => Array
        (
            [0] => Created On cannot be blank.
        )

)

in /Applications/XAMPP/xamppfiles/htdocs/siggi-php/user2/protected/components/UserIdentity.php (214)
in /Applications/XAMPP/xamppfiles/htdocs/siggi-php/user2/protected/modules/usr/models/ProfileForm.php (113)
in /Applications/XAMPP/xamppfiles/htdocs/siggi-php/user2/protected/modules/usr/controllers/DefaultController.php (161)
2013/12/03 11:32:34 [error] [exception.CException] exception 'CException' with message 'Alias "nfy.models.NfyChannels" is invalid. Make sure it points to an existing directory or file.' in /Applications/XAMPP/xamppfiles/htdocs/siggi-php/yii-1.1.13.e9e4a0/framework/YiiBase.php:341
Stack trace:
#0 /Applications/XAMPP/xamppfiles/htdocs/siggi-php/user2/protected/models/User.php(131): YiiBase::import('nfy.models.NfyC...')
#1 /Applications/XAMPP/xamppfiles/htdocs/siggi-php/yii-1.1.13.e9e4a0/framework/db/ar/CActiveRecord.php(1043): User->afterSave()
#2 /Applications/XAMPP/xamppfiles/htdocs/siggi-php/yii-1.1.13.e9e4a0/framework/db/ar/CActiveRecord.php(795): CActiveRecord->insert(NULL)
#3 /Applications/XAMPP/xamppfiles/htdocs/siggi-php/user2/protected/components/UserIdentity.php(209): CActiveRecord->save()
#4 /Applications/XAMPP/xamppfiles/htdocs/siggi-php/user2/protected/modules/usr/models/ProfileForm.php(113): UserIdentity->save()
#5 /Applications/XAMPP/xamppfiles/htdocs/siggi-php/user2/protected/modules/usr/controllers/DefaultController.php(161): ProfileForm->save()
#6 /Applications/XAMPP/xamppfiles/htdocs/siggi-php/yii-1.1.13.e9e4a0/framework/web/actions/CInlineAction.php(49): DefaultController->actionRegister()
#7 /Applications/XAMPP/xamppfiles/htdocs/siggi-php/yii-1.1.13.e9e4a0/framework/web/CController.php(308): CInlineAction->runWithParams(Array)
#8 /Applications/XAMPP/xamppfiles/htdocs/siggi-php/yii-1.1.13.e9e4a0/framework/web/CController.php(286): CController->runAction(Object(CInlineAction))
#9 /Applications/XAMPP/xamppfiles/htdocs/siggi-php/yii-1.1.13.e9e4a0/framework/web/CController.php(265): CController->runActionWithFilters(Object(CInlineAction), Array)
#10 /Applications/XAMPP/xamppfiles/htdocs/siggi-php/yii-1.1.13.e9e4a0/framework/web/CWebApplication.php(282): CController->run('register')
#11 /Applications/XAMPP/xamppfiles/htdocs/siggi-php/yii-1.1.13.e9e4a0/framework/web/CWebApplication.php(141): CWebApplication->runController('usr/default/reg...')
#12 /Applications/XAMPP/xamppfiles/htdocs/siggi-php/yii-1.1.13.e9e4a0/framework/base/CApplication.php(169): CWebApplication->processRequest()
#13 /Applications/XAMPP/xamppfiles/htdocs/siggi-php/user2/index.php(13): CApplication->run()
#14 {main}
REQUEST_URI=/siggi-php/user2/index.php/usr/register
HTTP_REFERER=http://localhost/siggi-php/user2/index.php/usr/register
---
2013/12/03 11:34:35 [error] [php] Object of class UserIdentity could not be converted to string (/Applications/XAMPP/xamppfiles/htdocs/siggi-php/user2/protected/modules/usr/models/PasswordForm.php:77)
Stack trace:
#0 /Applications/XAMPP/xamppfiles/htdocs/siggi-php/yii-1.1.13.e9e4a0/framework/web/CController.php(308): CInlineAction->runWithParams()
#1 /Applications/XAMPP/xamppfiles/htdocs/siggi-php/yii-1.1.13.e9e4a0/framework/web/CController.php(286): DefaultController->runAction()
#2 /Applications/XAMPP/xamppfiles/htdocs/siggi-php/yii-1.1.13.e9e4a0/framework/web/CController.php(265): DefaultController->runActionWithFilters()
#3 /Applications/XAMPP/xamppfiles/htdocs/siggi-php/yii-1.1.13.e9e4a0/framework/web/CWebApplication.php(282): DefaultController->run()
#4 /Applications/XAMPP/xamppfiles/htdocs/siggi-php/yii-1.1.13.e9e4a0/framework/web/CWebApplication.php(141): CWebApplication->runController()
#5 /Applications/XAMPP/xamppfiles/htdocs/siggi-php/yii-1.1.13.e9e4a0/framework/base/CApplication.php(169): CWebApplication->processRequest()
#6 /Applications/XAMPP/xamppfiles/htdocs/siggi-php/user2/index.php(13): CWebApplication->run()
REQUEST_URI=/siggi-php/user2/index.php/usr/register
in /Applications/XAMPP/xamppfiles/htdocs/siggi-php/user2/protected/modules/usr/models/PasswordForm.php (77)
in /Applications/XAMPP/xamppfiles/htdocs/siggi-php/user2/protected/modules/usr/controllers/DefaultController.php (161)
in /Applications/XAMPP/xamppfiles/htdocs/siggi-php/user2/index.php (13)
2013/12/03 11:36:26 [error] [php] Object of class UserIdentity could not be converted to string (/Applications/XAMPP/xamppfiles/htdocs/siggi-php/user2/protected/modules/usr/models/PasswordForm.php:77)
Stack trace:
#0 /Applications/XAMPP/xamppfiles/htdocs/siggi-php/yii-1.1.13.e9e4a0/framework/web/CController.php(308): CInlineAction->runWithParams()
#1 /Applications/XAMPP/xamppfiles/htdocs/siggi-php/yii-1.1.13.e9e4a0/framework/web/CController.php(286): DefaultController->runAction()
#2 /Applications/XAMPP/xamppfiles/htdocs/siggi-php/yii-1.1.13.e9e4a0/framework/web/CController.php(265): DefaultController->runActionWithFilters()
#3 /Applications/XAMPP/xamppfiles/htdocs/siggi-php/yii-1.1.13.e9e4a0/framework/web/CWebApplication.php(282): DefaultController->run()
#4 /Applications/XAMPP/xamppfiles/htdocs/siggi-php/yii-1.1.13.e9e4a0/framework/web/CWebApplication.php(141): CWebApplication->runController()
#5 /Applications/XAMPP/xamppfiles/htdocs/siggi-php/yii-1.1.13.e9e4a0/framework/base/CApplication.php(169): CWebApplication->processRequest()
#6 /Applications/XAMPP/xamppfiles/htdocs/siggi-php/user2/index.php(13): CWebApplication->run()
REQUEST_URI=/siggi-php/user2/index.php/usr/register
in /Applications/XAMPP/xamppfiles/htdocs/siggi-php/user2/protected/modules/usr/models/PasswordForm.php (77)
in /Applications/XAMPP/xamppfiles/htdocs/siggi-php/user2/protected/modules/usr/controllers/DefaultController.php (161)
in /Applications/XAMPP/xamppfiles/htdocs/siggi-php/user2/index.php (13)
2013/12/03 11:37:34 [error] [php] include(UserUsedPassword.php) [<a href='function.include'>function.include</a>]: failed to open stream: No such file or directory (/Applications/XAMPP/xamppfiles/htdocs/siggi-php/yii-1.1.13.e9e4a0/framework/YiiBase.php:421)
Stack trace:
#0 /Applications/XAMPP/xamppfiles/htdocs/siggi-php/user2/protected/components/UserIdentity.php(67): spl_autoload_call()
#1 /Applications/XAMPP/xamppfiles/htdocs/siggi-php/user2/protected/modules/usr/models/PasswordForm.php(84): UserIdentity->resetPassword()
#2 /Applications/XAMPP/xamppfiles/htdocs/siggi-php/user2/protected/modules/usr/controllers/DefaultController.php(161): PasswordForm->resetPassword()
#3 /Applications/XAMPP/xamppfiles/htdocs/siggi-php/yii-1.1.13.e9e4a0/framework/web/actions/CInlineAction.php(49): DefaultController->actionRegister()
#4 /Applications/XAMPP/xamppfiles/htdocs/siggi-php/yii-1.1.13.e9e4a0/framework/web/CController.php(308): CInlineAction->runWithParams()
#5 /Applications/XAMPP/xamppfiles/htdocs/siggi-php/yii-1.1.13.e9e4a0/framework/web/CController.php(286): DefaultController->runAction()
#6 /Applications/XAMPP/xamppfiles/htdocs/siggi-php/yii-1.1.13.e9e4a0/framework/web/CController.php(265): DefaultController->runActionWithFilters()
#7 /Applications/XAMPP/xamppfiles/htdocs/siggi-php/yii-1.1.13.e9e4a0/framework/web/CWebApplication.php(282): DefaultController->run()
#8 /Applications/XAMPP/xamppfiles/htdocs/siggi-php/yii-1.1.13.e9e4a0/framework/web/CWebApplication.php(141): CWebApplication->runController()
#9 /Applications/XAMPP/xamppfiles/htdocs/siggi-php/yii-1.1.13.e9e4a0/framework/base/CApplication.php(169): CWebApplication->processRequest()
#10 /Applications/XAMPP/xamppfiles/htdocs/siggi-php/user2/index.php(13): CWebApplication->run()
REQUEST_URI=/siggi-php/user2/index.php/usr/register
in /Applications/XAMPP/xamppfiles/htdocs/siggi-php/user2/protected/components/UserIdentity.php (67)
in /Applications/XAMPP/xamppfiles/htdocs/siggi-php/user2/protected/modules/usr/models/PasswordForm.php (84)
in /Applications/XAMPP/xamppfiles/htdocs/siggi-php/user2/protected/modules/usr/controllers/DefaultController.php (161)
2013/12/03 11:49:29 [error] [system.db.CDbCommand] CDbCommand::fetchAll() failed: SQLSTATE[42S02]: Base table or view not found: 1146 Table 'user2.user_used_password' doesn't exist. The SQL statement executed was: SHOW FULL COLUMNS FROM `user_used_password`.
in /Applications/XAMPP/xamppfiles/htdocs/siggi-php/user2/protected/components/UserIdentity.php (67)
in /Applications/XAMPP/xamppfiles/htdocs/siggi-php/user2/protected/modules/usr/models/PasswordForm.php (84)
in /Applications/XAMPP/xamppfiles/htdocs/siggi-php/user2/protected/modules/usr/controllers/DefaultController.php (161)
2013/12/03 11:49:29 [error] [exception.CDbException] exception 'CDbException' with message 'The table "user_used_password" for active record class "UserUsedPassword" cannot be found in the database.' in /Applications/XAMPP/xamppfiles/htdocs/siggi-php/yii-1.1.13.e9e4a0/framework/db/ar/CActiveRecord.php:2310
Stack trace:
#0 /Applications/XAMPP/xamppfiles/htdocs/siggi-php/yii-1.1.13.e9e4a0/framework/db/ar/CActiveRecord.php(387): CActiveRecordMetaData->__construct(Object(UserUsedPassword))
#1 /Applications/XAMPP/xamppfiles/htdocs/siggi-php/yii-1.1.13.e9e4a0/framework/db/ar/CActiveRecord.php(402): CActiveRecord::model('UserUsedPasswor...')
#2 /Applications/XAMPP/xamppfiles/htdocs/siggi-php/yii-1.1.13.e9e4a0/framework/db/ar/CActiveRecord.php(77): CActiveRecord->getMetaData()
#3 /Applications/XAMPP/xamppfiles/htdocs/siggi-php/user2/protected/components/UserIdentity.php(67): CActiveRecord->__construct()
#4 /Applications/XAMPP/xamppfiles/htdocs/siggi-php/user2/protected/modules/usr/models/PasswordForm.php(84): UserIdentity->resetPassword('Siggi1965')
#5 /Applications/XAMPP/xamppfiles/htdocs/siggi-php/user2/protected/modules/usr/controllers/DefaultController.php(161): PasswordForm->resetPassword(Object(UserIdentity))
#6 /Applications/XAMPP/xamppfiles/htdocs/siggi-php/yii-1.1.13.e9e4a0/framework/web/actions/CInlineAction.php(49): DefaultController->actionRegister()
#7 /Applications/XAMPP/xamppfiles/htdocs/siggi-php/yii-1.1.13.e9e4a0/framework/web/CController.php(308): CInlineAction->runWithParams(Array)
#8 /Applications/XAMPP/xamppfiles/htdocs/siggi-php/yii-1.1.13.e9e4a0/framework/web/CController.php(286): CController->runAction(Object(CInlineAction))
#9 /Applications/XAMPP/xamppfiles/htdocs/siggi-php/yii-1.1.13.e9e4a0/framework/web/CController.php(265): CController->runActionWithFilters(Object(CInlineAction), Array)
#10 /Applications/XAMPP/xamppfiles/htdocs/siggi-php/yii-1.1.13.e9e4a0/framework/web/CWebApplication.php(282): CController->run('register')
#11 /Applications/XAMPP/xamppfiles/htdocs/siggi-php/yii-1.1.13.e9e4a0/framework/web/CWebApplication.php(141): CWebApplication->runController('usr/default/reg...')
#12 /Applications/XAMPP/xamppfiles/htdocs/siggi-php/yii-1.1.13.e9e4a0/framework/base/CApplication.php(169): CWebApplication->processRequest()
#13 /Applications/XAMPP/xamppfiles/htdocs/siggi-php/user2/index.php(13): CApplication->run()
#14 {main}
REQUEST_URI=/siggi-php/user2/index.php/usr/register
HTTP_REFERER=http://localhost/siggi-php/user2/index.php/usr/register
---
2013/12/03 11:52:07 [warning] [application] Failed to set unsafe attribute "password" of "UserUsedPassword".
in /Applications/XAMPP/xamppfiles/htdocs/siggi-php/user2/protected/components/UserIdentity.php (71)
in /Applications/XAMPP/xamppfiles/htdocs/siggi-php/user2/protected/modules/usr/models/PasswordForm.php (84)
in /Applications/XAMPP/xamppfiles/htdocs/siggi-php/user2/protected/modules/usr/controllers/DefaultController.php (161)
2013/12/03 11:52:07 [warning] [application] Failed to set unsafe attribute "set_on" of "UserUsedPassword".
in /Applications/XAMPP/xamppfiles/htdocs/siggi-php/user2/protected/components/UserIdentity.php (71)
in /Applications/XAMPP/xamppfiles/htdocs/siggi-php/user2/protected/modules/usr/models/PasswordForm.php (84)
in /Applications/XAMPP/xamppfiles/htdocs/siggi-php/user2/protected/modules/usr/controllers/DefaultController.php (161)
2013/12/03 11:52:07 [error] [php] session_regenerate_id() [<a href='function.session-regenerate-id'>function.session-regenerate-id</a>]: Cannot regenerate session id - headers already sent (/Applications/XAMPP/xamppfiles/htdocs/siggi-php/yii-1.1.13.e9e4a0/framework/web/CHttpSession.php:185)
Stack trace:
#0 /Applications/XAMPP/xamppfiles/htdocs/siggi-php/yii-1.1.13.e9e4a0/framework/web/auth/CWebUser.php(227): CWebUser->changeIdentity()
#1 /Applications/XAMPP/xamppfiles/htdocs/siggi-php/user2/protected/modules/usr/models/ProfileForm.php(95): CWebUser->login()
#2 /Applications/XAMPP/xamppfiles/htdocs/siggi-php/user2/protected/modules/usr/controllers/DefaultController.php(172): ProfileForm->login()
#3 /Applications/XAMPP/xamppfiles/htdocs/siggi-php/yii-1.1.13.e9e4a0/framework/web/actions/CInlineAction.php(49): DefaultController->actionRegister()
#4 /Applications/XAMPP/xamppfiles/htdocs/siggi-php/yii-1.1.13.e9e4a0/framework/web/CController.php(308): CInlineAction->runWithParams()
#5 /Applications/XAMPP/xamppfiles/htdocs/siggi-php/yii-1.1.13.e9e4a0/framework/web/CController.php(286): DefaultController->runAction()
#6 /Applications/XAMPP/xamppfiles/htdocs/siggi-php/yii-1.1.13.e9e4a0/framework/web/CController.php(265): DefaultController->runActionWithFilters()
#7 /Applications/XAMPP/xamppfiles/htdocs/siggi-php/yii-1.1.13.e9e4a0/framework/web/CWebApplication.php(282): DefaultController->run()
#8 /Applications/XAMPP/xamppfiles/htdocs/siggi-php/yii-1.1.13.e9e4a0/framework/web/CWebApplication.php(141): CWebApplication->runController()
#9 /Applications/XAMPP/xamppfiles/htdocs/siggi-php/yii-1.1.13.e9e4a0/framework/base/CApplication.php(169): CWebApplication->processRequest()
#10 /Applications/XAMPP/xamppfiles/htdocs/siggi-php/user2/index.php(13): CWebApplication->run()
REQUEST_URI=/siggi-php/user2/index.php/usr/register
in /Applications/XAMPP/xamppfiles/htdocs/siggi-php/user2/protected/modules/usr/models/ProfileForm.php (95)
in /Applications/XAMPP/xamppfiles/htdocs/siggi-php/user2/protected/modules/usr/controllers/DefaultController.php (172)
in /Applications/XAMPP/xamppfiles/htdocs/siggi-php/user2/index.php (13)
2013/12/03 11:55:25 [warning] [application] Failed to set unsafe attribute "password" of "UserUsedPassword".
in /Applications/XAMPP/xamppfiles/htdocs/siggi-php/user2/protected/components/UserIdentity.php (71)
in /Applications/XAMPP/xamppfiles/htdocs/siggi-php/user2/protected/modules/usr/models/PasswordForm.php (84)
in /Applications/XAMPP/xamppfiles/htdocs/siggi-php/user2/protected/modules/usr/controllers/DefaultController.php (161)
2013/12/03 11:55:25 [warning] [application] Failed to set unsafe attribute "set_on" of "UserUsedPassword".
in /Applications/XAMPP/xamppfiles/htdocs/siggi-php/user2/protected/components/UserIdentity.php (71)
in /Applications/XAMPP/xamppfiles/htdocs/siggi-php/user2/protected/modules/usr/models/PasswordForm.php (84)
in /Applications/XAMPP/xamppfiles/htdocs/siggi-php/user2/protected/modules/usr/controllers/DefaultController.php (161)
2013/12/03 20:46:17 [error] [system.db.CDbCommand] CDbCommand::fetchAll() failed: SQLSTATE[42S02]: Base table or view not found: 1146 Table 'user2.tbl_migration' doesn't exist. The SQL statement executed was: SHOW FULL COLUMNS FROM `tbl_migration`.
2013/12/03 20:56:12 [trace] [system.CModule] Loading "log" application component
2013/12/03 20:56:12 [trace] [system.CModule] Loading "db" application component
2013/12/03 20:56:12 [trace] [system.db.CDbConnection] Opening DB connection
2013/12/03 20:56:12 [trace] [system.db.CDbCommand] Querying SQL: SHOW FULL COLUMNS FROM `tbl_migration`
2013/12/03 20:56:12 [trace] [system.db.CDbCommand] Querying SQL: SHOW CREATE TABLE `tbl_migration`
2013/12/03 20:56:12 [trace] [system.db.CDbCommand] Querying SQL: SELECT `version`, `apply_time`
FROM `tbl_migration`
ORDER BY `version` DESC
2013/12/03 21:01:16 [trace] [system.CModule] Loading "log" application component
2013/12/03 21:01:16 [trace] [system.CModule] Loading "db" application component
2013/12/03 21:01:16 [trace] [system.db.CDbConnection] Opening DB connection
2013/12/03 21:01:16 [trace] [system.db.CDbCommand] Querying SQL: SHOW FULL COLUMNS FROM `tbl_migration`
2013/12/03 21:01:16 [trace] [system.CModule] Loading "coreMessages" application component
2013/12/03 21:01:16 [error] [system.db.CDbCommand] CDbCommand::fetchAll() failed: SQLSTATE[42S02]: Base table or view not found: 1146 Table 'user2.tbl_migration' doesn't exist. The SQL statement executed was: SHOW FULL COLUMNS FROM `tbl_migration`.
2013/12/03 21:01:16 [trace] [system.db.CDbCommand] Executing SQL: CREATE TABLE `tbl_migration` (
	`version` varchar(255) NOT NULL PRIMARY KEY,
	`apply_time` int(11)
)
2013/12/03 21:01:16 [trace] [system.db.CDbCommand] Executing SQL: INSERT INTO `tbl_migration` (`version`, `apply_time`) VALUES (:version, :apply_time)
2013/12/03 21:01:16 [trace] [system.db.CDbCommand] Querying SQL: SELECT `version`, `apply_time`
FROM `tbl_migration`
ORDER BY `version` DESC
2013/12/03 20:15:31 [error] [system.db.CDbCommand] CDbCommand::fetchAll() failed: SQLSTATE[42S02]: Base table or view not found: 1146 Table 'user2.user_used_passwords' doesn't exist. The SQL statement executed was: SHOW FULL COLUMNS FROM `user_used_passwords`.
in /Applications/XAMPP/xamppfiles/htdocs/user2/protected/components/UserIdentity.php (71)
in /Applications/XAMPP/xamppfiles/htdocs/user2/protected/modules/usr/models/PasswordForm.php (84)
in /Applications/XAMPP/xamppfiles/htdocs/user2/protected/modules/usr/controllers/DefaultController.php (161)
2013/12/03 20:15:31 [error] [exception.CDbException] exception 'CDbException' with message 'The table "user_used_passwords" for active record class "UserUsedPassword" cannot be found in the database.' in /Applications/XAMPP/xamppfiles/htdocs/yii-1.1.13/framework/db/ar/CActiveRecord.php:2310
Stack trace:
#0 /Applications/XAMPP/xamppfiles/htdocs/yii-1.1.13/framework/db/ar/CActiveRecord.php(387): CActiveRecordMetaData->__construct(Object(UserUsedPassword))
#1 /Applications/XAMPP/xamppfiles/htdocs/yii-1.1.13/framework/db/ar/CActiveRecord.php(402): CActiveRecord::model('UserUsedPasswor...')
#2 /Applications/XAMPP/xamppfiles/htdocs/yii-1.1.13/framework/db/ar/CActiveRecord.php(77): CActiveRecord->getMetaData()
#3 /Applications/XAMPP/xamppfiles/htdocs/user2/protected/components/UserIdentity.php(71): CActiveRecord->__construct()
#4 /Applications/XAMPP/xamppfiles/htdocs/user2/protected/modules/usr/models/PasswordForm.php(84): UserIdentity->resetPassword('Siggi1965')
#5 /Applications/XAMPP/xamppfiles/htdocs/user2/protected/modules/usr/controllers/DefaultController.php(161): PasswordForm->resetPassword(Object(UserIdentity))
#6 /Applications/XAMPP/xamppfiles/htdocs/yii-1.1.13/framework/web/actions/CInlineAction.php(49): DefaultController->actionRegister()
#7 /Applications/XAMPP/xamppfiles/htdocs/yii-1.1.13/framework/web/CController.php(308): CInlineAction->runWithParams(Array)
#8 /Applications/XAMPP/xamppfiles/htdocs/yii-1.1.13/framework/web/CController.php(286): CController->runAction(Object(CInlineAction))
#9 /Applications/XAMPP/xamppfiles/htdocs/yii-1.1.13/framework/web/CController.php(265): CController->runActionWithFilters(Object(CInlineAction), Array)
#10 /Applications/XAMPP/xamppfiles/htdocs/yii-1.1.13/framework/web/CWebApplication.php(282): CController->run('register')
#11 /Applications/XAMPP/xamppfiles/htdocs/yii-1.1.13/framework/web/CWebApplication.php(141): CWebApplication->runController('usr/default/reg...')
#12 /Applications/XAMPP/xamppfiles/htdocs/yii-1.1.13/framework/base/CApplication.php(169): CWebApplication->processRequest()
#13 /Applications/XAMPP/xamppfiles/htdocs/user2/index.php(13): CApplication->run()
#14 {main}
REQUEST_URI=/user2/index.php/usr/register
HTTP_REFERER=http://localhost/user2/index.php/usr/register
---
2013/12/03 20:26:19 [warning] [application] Failed to set unsafe attribute "password" of "UserUsedPassword".
in /Applications/XAMPP/xamppfiles/htdocs/user2/protected/components/UserIdentity.php (75)
in /Applications/XAMPP/xamppfiles/htdocs/user2/protected/modules/usr/models/PasswordForm.php (84)
in /Applications/XAMPP/xamppfiles/htdocs/user2/protected/modules/usr/controllers/DefaultController.php (161)
2013/12/03 20:26:19 [warning] [application] Failed to set unsafe attribute "set_on" of "UserUsedPassword".
in /Applications/XAMPP/xamppfiles/htdocs/user2/protected/components/UserIdentity.php (75)
in /Applications/XAMPP/xamppfiles/htdocs/user2/protected/modules/usr/models/PasswordForm.php (84)
in /Applications/XAMPP/xamppfiles/htdocs/user2/protected/modules/usr/controllers/DefaultController.php (161)
2013/12/03 20:27:06 [error] [php] session_regenerate_id() [<a href='function.session-regenerate-id'>function.session-regenerate-id</a>]: Cannot regenerate session id - headers already sent (/Applications/XAMPP/xamppfiles/htdocs/yii-1.1.13/framework/web/CHttpSession.php:185)
Stack trace:
#0 /Applications/XAMPP/xamppfiles/htdocs/yii-1.1.13/framework/web/auth/CWebUser.php(227): CWebUser->changeIdentity()
#1 /Applications/XAMPP/xamppfiles/htdocs/user2/protected/models/LoginForm.php(71): CWebUser->login()
#2 /Applications/XAMPP/xamppfiles/htdocs/user2/protected/controllers/SiteController.php(80): LoginForm->login()
#3 /Applications/XAMPP/xamppfiles/htdocs/yii-1.1.13/framework/web/actions/CInlineAction.php(49): SiteController->actionLogin()
#4 /Applications/XAMPP/xamppfiles/htdocs/yii-1.1.13/framework/web/CController.php(308): CInlineAction->runWithParams()
#5 /Applications/XAMPP/xamppfiles/htdocs/yii-1.1.13/framework/web/CController.php(286): SiteController->runAction()
#6 /Applications/XAMPP/xamppfiles/htdocs/yii-1.1.13/framework/web/CController.php(265): SiteController->runActionWithFilters()
#7 /Applications/XAMPP/xamppfiles/htdocs/yii-1.1.13/framework/web/CWebApplication.php(282): SiteController->run()
#8 /Applications/XAMPP/xamppfiles/htdocs/yii-1.1.13/framework/web/CWebApplication.php(141): CWebApplication->runController()
#9 /Applications/XAMPP/xamppfiles/htdocs/yii-1.1.13/framework/base/CApplication.php(169): CWebApplication->processRequest()
#10 /Applications/XAMPP/xamppfiles/htdocs/user2/index.php(13): CWebApplication->run()
REQUEST_URI=/user2/index.php/site/login
in /Applications/XAMPP/xamppfiles/htdocs/user2/protected/models/LoginForm.php (71)
in /Applications/XAMPP/xamppfiles/htdocs/user2/protected/controllers/SiteController.php (80)
in /Applications/XAMPP/xamppfiles/htdocs/user2/index.php (13)
2013/12/03 20:40:29 [error] [php] session_regenerate_id() [<a href='function.session-regenerate-id'>function.session-regenerate-id</a>]: Cannot regenerate session id - headers already sent (/Applications/XAMPP/xamppfiles/htdocs/yii-1.1.13/framework/web/CHttpSession.php:185)
Stack trace:
#0 /Applications/XAMPP/xamppfiles/htdocs/yii-1.1.13/framework/web/auth/CWebUser.php(227): CWebUser->changeIdentity()
#1 /Applications/XAMPP/xamppfiles/htdocs/user2/protected/models/LoginForm.php(71): CWebUser->login()
#2 /Applications/XAMPP/xamppfiles/htdocs/user2/protected/controllers/SiteController.php(80): LoginForm->login()
#3 /Applications/XAMPP/xamppfiles/htdocs/yii-1.1.13/framework/web/actions/CInlineAction.php(49): SiteController->actionLogin()
#4 /Applications/XAMPP/xamppfiles/htdocs/yii-1.1.13/framework/web/CController.php(308): CInlineAction->runWithParams()
#5 /Applications/XAMPP/xamppfiles/htdocs/yii-1.1.13/framework/web/CController.php(286): SiteController->runAction()
#6 /Applications/XAMPP/xamppfiles/htdocs/yii-1.1.13/framework/web/CController.php(265): SiteController->runActionWithFilters()
#7 /Applications/XAMPP/xamppfiles/htdocs/yii-1.1.13/framework/web/CWebApplication.php(282): SiteController->run()
#8 /Applications/XAMPP/xamppfiles/htdocs/yii-1.1.13/framework/web/CWebApplication.php(141): CWebApplication->runController()
#9 /Applications/XAMPP/xamppfiles/htdocs/yii-1.1.13/framework/base/CApplication.php(169): CWebApplication->processRequest()
#10 /Applications/XAMPP/xamppfiles/htdocs/user2/index.php(13): CWebApplication->run()
REQUEST_URI=/user2/index.php/site/login
in /Applications/XAMPP/xamppfiles/htdocs/user2/protected/models/LoginForm.php (71)
in /Applications/XAMPP/xamppfiles/htdocs/user2/protected/controllers/SiteController.php (80)
in /Applications/XAMPP/xamppfiles/htdocs/user2/index.php (13)
